Log file open, 03/14/24 15:13:24
LogWindows: Failed to load 'aqProf.dll' (GetLastError=126)
LogWindows: File 'aqProf.dll' does not exist
LogWindows: Failed to load 'VtuneApi.dll' (GetLastError=126)
LogWindows: File 'VtuneApi.dll' does not exist
LogWindows: Failed to load 'VtuneApi32e.dll' (GetLastError=126)
LogWindows: File 'VtuneApi32e.dll' does not exist
LogConsoleResponse: Display: Failed to find resolution value strings in scalability ini. Falling back to default.
LogConsoleResponse: Display: Failed to find resolution value strings in scalability ini. Falling back to default.
LogInit: Display: Running engine for game: CustomArea
LogPlatformFile: Not using cached read wrapper
LogTaskGraph: Started task graph with 5 named threads and 59 total threads with 3 sets of task threads.
LogStats: Stats thread started at 0.578076
LogICUInternationalization: ICU TimeZone Detection - Raw Offset: +8:00, Platform Override: ''
LogInit: Display: Loading text-based GConfig....
LogPluginManager: Mounting plugin MeshPainting
LogPluginManager: Mounting plugin XGEController
LogPluginManager: Mounting plugin Paper2D
LogPluginManager: Mounting plugin LiveLink
LogPluginManager: Mounting plugin EnvironmentQueryEditor
LogPluginManager: Mounting plugin AISupport
LogPluginManager: Mounting plugin LightPropagationVolume
LogPluginManager: Mounting plugin GameplayCameras
LogPluginManager: Mounting plugin OodleNetwork
LogPluginManager: Mounting plugin OodleData
LogPluginManager: Mounting plugin CameraShakePreviewer
LogPluginManager: Mounting plugin NullSourceCodeAccess
LogPluginManager: Mounting plugin CodeLiteSourceCodeAccess
LogPluginManager: Mounting plugin AnimationSharing
LogPluginManager: Mounting plugin KDevelopSourceCodeAccess
LogPluginManager: Mounting plugin PluginUtils
LogPluginManager: Mounting plugin GitSourceControl
LogPluginManager: Mounting plugin PropertyAccessNode
LogPluginManager: Mounting plugin SubversionSourceControl
LogPluginManager: Mounting plugin PerforceSourceControl
LogPluginManager: Mounting plugin RiderSourceCodeAccess
LogPluginManager: Mounting plugin PixWinPlugin
LogPluginManager: Mounting plugin UObjectPlugin
LogPluginManager: Mounting plugin TextureFormatOodle
LogPluginManager: Mounting plugin DatasmithContent
LogPluginManager: Mounting plugin PlasticSourceControl
LogPluginManager: Mounting plugin VariantManagerContent
LogPluginManager: Mounting plugin AssetManagerEditor
LogPluginManager: Mounting plugin CryptoKeys
LogPluginManager: Mounting plugin CurveEditorTools
LogPluginManager: Mounting plugin CLionSourceCodeAccess
LogPluginManager: Mounting plugin VisualStudioCodeSourceCodeAccess
LogPluginManager: Mounting plugin DataValidation
LogPluginManager: Mounting plugin VisualStudioSourceCodeAccess
LogPluginManager: Mounting plugin XCodeSourceCodeAccess
LogPluginManager: Mounting plugin FacialAnimation
LogPluginManager: Mounting plugin MacGraphicsSwitching
LogPluginManager: Mounting plugin MobileLauncherProfileWizard
LogPluginManager: Mounting plugin PluginBrowser
LogPluginManager: Mounting plugin GameplayTagsEditor
LogPluginManager: Mounting plugin MaterialAnalyzer
LogPluginManager: Mounting plugin SpeedTreeImporter
LogPluginManager: Mounting plugin AutomationUtils
LogPluginManager: Mounting plugin GeometryMode
LogPluginManager: Mounting plugin ChaosNiagara
LogPluginManager: Mounting plugin ChaosClothEditor
LogPluginManager: Mounting plugin BackChannel
LogPluginManager: Mounting plugin ChaosEditor
LogPluginManager: Mounting plugin AlembicImporter
LogPluginManager: Mounting plugin ChaosSolverPlugin
LogPluginManager: Mounting plugin CharacterAI
LogPluginManager: Mounting plugin ChaosCloth
LogPluginManager: Mounting plugin GeometryCache
LogPluginManager: Mounting plugin GeometryCollectionPlugin
LogPluginManager: Mounting plugin Niagara
LogPluginManager: Mounting plugin GeometryProcessing
LogPluginManager: Mounting plugin OpenImageDenoise
LogPluginManager: Mounting plugin PlatformCrypto
LogPluginManager: Mounting plugin MotoSynth
LogPluginManager: Mounting plugin ProxyLODPlugin
LogPluginManager: Mounting plugin PlanarCut
LogPluginManager: Mounting plugin MagicLeap
LogPluginManager: Mounting plugin PythonScriptPlugin
LogPluginManager: Mounting plugin SkeletalReduction
LogPluginManager: Mounting plugin LuminPlatformFeatures
LogPluginManager: Mounting plugin MagicLeapLightEstimation
LogPluginManager: Mounting plugin MagicLeapMedia
LogPluginManager: Mounting plugin MagicLeapPassableWorld
LogPluginManager: Mounting plugin MLSDK
LogPluginManager: Mounting plugin AndroidMedia
LogPluginManager: Mounting plugin AvfMedia
LogPluginManager: Mounting plugin MediaCompositing
LogPluginManager: Mounting plugin ImgMedia
LogPluginManager: Mounting plugin WebMMedia
LogPluginManager: Mounting plugin ActorSequence
LogPluginManager: Mounting plugin MediaPlayerEditor
LogPluginManager: Mounting plugin WmfMedia
LogPluginManager: Mounting plugin TcpMessaging
LogPluginManager: Mounting plugin UdpMessaging
LogPluginManager: Mounting plugin LevelSequenceEditor
LogPluginManager: Mounting plugin MatineeToLevelSequence
LogPluginManager: Mounting plugin TemplateSequence
LogPluginManager: Mounting plugin LauncherChunkInstaller
LogPluginManager: Mounting plugin ScreenshotTools
LogPluginManager: Mounting plugin AndroidPermission
LogPluginManager: Mounting plugin AndroidMoviePlayer
LogPluginManager: Mounting plugin AndroidDeviceProfileSelector
LogPluginManager: Mounting plugin ActorLayerUtilities
LogPluginManager: Mounting plugin ArchVisCharacter
LogPluginManager: Mounting plugin AppleImageUtils
LogPluginManager: Mounting plugin AudioSynesthesia
LogPluginManager: Mounting plugin AppleMoviePlayer
LogPluginManager: Mounting plugin AudioCapture
LogPluginManager: Mounting plugin CableComponent
LogPluginManager: Mounting plugin CustomMeshComponent
LogPluginManager: Mounting plugin ChunkDownloader
LogPluginManager: Mounting plugin EditableMesh
LogPluginManager: Mounting plugin AssetTags
LogPluginManager: Mounting plugin ExampleDeviceProfileSelector
LogPluginManager: Mounting plugin OnlineSubsystemNull
LogPluginManager: Mounting plugin OnlineSubsystem
LogPluginManager: Mounting plugin OnlineSubsystemUtils
LogPluginManager: Mounting plugin GooglePAD
LogPluginManager: Mounting plugin Takes
LogPluginManager: Mounting plugin GoogleCloudMessaging
LogPluginManager: Mounting plugin IOSDeviceProfileSelector
LogPluginManager: Mounting plugin LinuxDeviceProfileSelector
LogPluginManager: Mounting plugin LocationServicesBPLibrary
LogPluginManager: Mounting plugin MobilePatchingUtils
LogPluginManager: Mounting plugin OpenXRHandTracking
LogPluginManager: Mounting plugin PhysXVehicles
LogPluginManager: Mounting plugin PostSplashScreen
LogPluginManager: Mounting plugin ProceduralMeshComponent
LogPluginManager: Mounting plugin PropertyAccessEditor
LogPluginManager: Mounting plugin OpenXR
LogPluginManager: Mounting plugin OpenXREyeTracker
LogPluginManager: Mounting plugin RuntimePhysXCooking
LogPluginManager: Mounting plugin SignificanceManager
LogPluginManager: Mounting plugin Synthesis
LogPluginManager: Mounting plugin WebMMoviePlayer
LogPluginManager: Mounting plugin WindowsMoviePlayer
LogPluginManager: Mounting plugin SoundFields
LogPluginManager: Mounting plugin ContentBrowserClassDataSource
LogPluginManager: Mounting plugin ContentBrowserFileDataSource
LogPluginManager: Mounting plugin ContentBrowserAssetDataSource
LogPluginManager: Mounting plugin RiderLink
LogPluginManager: Mounting plugin OnlineSubsystemGooglePlay
LogPluginManager: Mounting plugin OnlineSubsystemIOS
LogPluginManager: Mounting plugin OculusVR
LogPluginManager: Mounting plugin SteamVR
PixWinPlugin: PIX capture plugin failed to initialize! Check that the process is launched from PIX.
LogInit: Using libcurl 7.55.1-DEV
LogInit:  - built for x86_64-pc-win32
LogInit:  - supports SSL with OpenSSL/1.1.1
LogInit:  - supports HTTP deflate (compression) using libz 1.2.8
LogInit:  - other features:
LogInit:      CURL_VERSION_SSL
LogInit:      CURL_VERSION_LIBZ
LogInit:      CURL_VERSION_IPV6
LogInit:      CURL_VERSION_ASYNCHDNS
LogInit:      CURL_VERSION_LARGEFILE
LogInit:      CURL_VERSION_IDN
LogInit:  CurlRequestOptions (configurable via config and command line):
LogInit:  - bVerifyPeer = true  - Libcurl will verify peer certificate
LogInit:  - bUseHttpProxy = false  - Libcurl will NOT use HTTP proxy
LogInit:  - bDontReuseConnections = false  - Libcurl will reuse connections
LogInit:  - MaxHostConnections = 16  - Libcurl will limit the number of connections to a host
LogInit:  - LocalHostAddr = Default
LogInit:  - BufferSize = 65536
LogOnline: OSS: Creating online subsystem instance for: NULL
LogInit: WinSock: version 1.1 (2.2), MaxSocks=32767, MaxUdp=65467
LogOnline: OSS: TryLoadSubsystemAndSetDefault: Loaded subsystem for module [NULL]
LogOculusPluginWrapper: OculusPlugin initialized successfully
LogHMD: Failed initializing OVRPlugin 1.59.0
LogInit: Build: ++UE4+Release-4.27-CL-18319896
LogInit: Engine Version: 4.27.2-18319896+++UE4+Release-4.27
LogInit: Compatible Engine Version: 4.27.0-17155196+++UE4+Release-4.27
LogInit: Net CL: 17155196
LogInit: OS: Windows 10 (Release 2009) (), CPU: Intel(R) Core(TM) i9-10900K CPU @ 3.70GHz, GPU: NVIDIA GeForce RTX 3080
LogInit: Compiled (64-bit): Nov 30 2021 07:12:08
LogInit: Compiled with Visual C++: 19.24.28315.00
LogInit: Build Configuration: Development
LogInit: Branch Name: ++UE4+Release-4.27
LogInit: Command Line: 
LogInit: Base Directory: C:/Program Files/Epic Games/UE_4.27/Engine/Binaries/Win64/
LogInit: Allocator: TBB
LogInit: Installed Engine Build: 1
LogDevObjectVersion: Number of dev versions registered: 29
LogDevObjectVersion:   Dev-Blueprints (B0D832E4-1F89-4F0D-ACCF-7EB736FD4AA2): 10
LogDevObjectVersion:   Dev-Build (E1C64328-A22C-4D53-A36C-8E866417BD8C): 0
LogDevObjectVersion:   Dev-Core (375EC13C-06E4-48FB-B500-84F0262A717E): 4
LogDevObjectVersion:   Dev-Editor (E4B068ED-F494-42E9-A231-DA0B2E46BB41): 40
LogDevObjectVersion:   Dev-Framework (CFFC743F-43B0-4480-9391-14DF171D2073): 37
LogDevObjectVersion:   Dev-Mobile (B02B49B5-BB20-44E9-A304-32B752E40360): 3
LogDevObjectVersion:   Dev-Networking (A4E4105C-59A1-49B5-A7C5-40C4547EDFEE): 0
LogDevObjectVersion:   Dev-Online (39C831C9-5AE6-47DC-9A44-9C173E1C8E7C): 0
LogDevObjectVersion:   Dev-Physics (78F01B33-EBEA-4F98-B9B4-84EACCB95AA2): 14
LogDevObjectVersion:   Dev-Platform (6631380F-2D4D-43E0-8009-CF276956A95A): 0
LogDevObjectVersion:   Dev-Rendering (12F88B9F-8875-4AFC-A67C-D90C383ABD29): 45
LogDevObjectVersion:   Dev-Sequencer (7B5AE74C-D270-4C10-A958-57980B212A5A): 13
LogDevObjectVersion:   Dev-VR (D7296918-1DD6-4BDD-9DE2-64A83CC13884): 3
LogDevObjectVersion:   Dev-LoadTimes (C2A15278-BFE7-4AFE-6C17-90FF531DF755): 1
LogDevObjectVersion:   Private-Geometry (6EACA3D4-40EC-4CC1-B786-8BED09428FC5): 3
LogDevObjectVersion:   Dev-AnimPhys (29E575DD-E0A3-4627-9D10-D276232CDCEA): 17
LogDevObjectVersion:   Dev-Anim (AF43A65D-7FD3-4947-9873-3E8ED9C1BB05): 15
LogDevObjectVersion:   Dev-ReflectionCapture (6B266CEC-1EC7-4B8F-A30B-E4D90942FC07): 1
LogDevObjectVersion:   Dev-Automation (0DF73D61-A23F-47EA-B727-89E90C41499A): 1
LogDevObjectVersion:   FortniteMain (601D1886-AC64-4F84-AA16-D3DE0DEAC7D6): 47
LogDevObjectVersion:   FortniteRelease (E7086368-6B23-4C58-8439-1B7016265E91): 1
LogDevObjectVersion:   Dev-Enterprise (9DFFBCD6-494F-0158-E221-12823C92A888): 10
LogDevObjectVersion:   Dev-Niagara (F2AED0AC-9AFE-416F-8664-AA7FFA26D6FC): 1
LogDevObjectVersion:   Dev-Destruction (174F1F0B-B4C6-45A5-B13F-2EE8D0FB917D): 10
LogDevObjectVersion:   Dev-Physics-Ext (35F94A83-E258-406C-A318-09F59610247C): 41
LogDevObjectVersion:   Dev-PhysicsMaterial-Chaos (B68FC16E-8B1B-42E2-B453-215C058844FE): 1
LogDevObjectVersion:   Dev-CineCamera (B2E18506-4273-CFC2-A54E-F4BB758BBA07): 1
LogDevObjectVersion:   Dev-VirtualProduction (64F58936-FD1B-42BA-BA96-7289D5D0FA4E): 1
LogDevObjectVersion:   Dev-MediaFramework (6F0ED827-A609-4895-9C91-998D90180EA4): 2
LogInit: Presizing for max 25165824 objects, including 0 objects not considered by GC, pre-allocating 0 bytes for permanent pool.
LogConfig: Applying CVar settings from Section [/Script/Engine.StreamingSettings] File [D:/GitHub/UECustomizeInteractionArea/CustomArea/Saved/Config/Windows/Engine.ini]
LogConfig: Setting CVar [[s.MinBulkDataSizeForAsyncLoading:131072]]
LogConfig: Setting CVar [[s.AsyncLoadingThreadEnabled:0]]
LogConfig: Setting CVar [[s.EventDrivenLoaderEnabled:1]]
LogConfig: Setting CVar [[s.WarnIfTimeLimitExceeded:0]]
LogConfig: Setting CVar [[s.TimeLimitExceededMultiplier:1.5]]
LogConfig: Setting CVar [[s.TimeLimitExceededMinTime:0.005]]
LogConfig: Setting CVar [[s.UseBackgroundLevelStreaming:1]]
LogConfig: Setting CVar [[s.PriorityAsyncLoadingExtraTime:15.0]]
LogConfig: Setting CVar [[s.LevelStreamingActorsUpdateTimeLimit:5.0]]
LogConfig: Setting CVar [[s.PriorityLevelStreamingActorsUpdateExtraTime:5.0]]
LogConfig: Setting CVar [[s.LevelStreamingComponentsRegistrationGranularity:10]]
LogConfig: Setting CVar [[s.UnregisterComponentsTimeLimit:1.0]]
LogConfig: Setting CVar [[s.LevelStreamingComponentsUnregistrationGranularity:5]]
LogConfig: Setting CVar [[s.FlushStreamingOnExit:1]]
LogInit: Object subsystem initialized
LogConfig: Setting CVar [[con.DebugEarlyDefault:1]]
LogConfig: Setting CVar [[r.setres:1280x720]]
[2024.03.14-07.13.25:979][  0]LogConfig: Setting CVar [[r.VSync:0]]
[2024.03.14-07.13.25:979][  0]LogConfig: Setting CVar [[r.RHICmdBypass:0]]
[2024.03.14-07.13.25:979][  0]LogConfig: Applying CVar settings from Section [/Script/Engine.RendererSettings] File [D:/GitHub/UECustomizeInteractionArea/CustomArea/Saved/Config/Windows/Engine.ini]
[2024.03.14-07.13.25:979][  0]LogConfig: Setting CVar [[r.GPUCrashDebugging:0]]
[2024.03.14-07.13.25:979][  0]LogConfig: Applying CVar settings from Section [/Script/Engine.RendererOverrideSettings] File [D:/GitHub/UECustomizeInteractionArea/CustomArea/Saved/Config/Windows/Engine.ini]
[2024.03.14-07.13.25:979][  0]LogConfig: Applying CVar settings from Section [/Script/Engine.StreamingSettings] File [D:/GitHub/UECustomizeInteractionArea/CustomArea/Saved/Config/Windows/Engine.ini]
[2024.03.14-07.13.25:979][  0]LogConfig: Setting CVar [[s.MinBulkDataSizeForAsyncLoading:131072]]
[2024.03.14-07.13.25:979][  0]LogConfig: Setting CVar [[s.AsyncLoadingThreadEnabled:0]]
[2024.03.14-07.13.25:979][  0]LogConfig: Setting CVar [[s.EventDrivenLoaderEnabled:1]]
[2024.03.14-07.13.25:979][  0]LogConfig: Setting CVar [[s.WarnIfTimeLimitExceeded:0]]
[2024.03.14-07.13.25:979][  0]LogConfig: Setting CVar [[s.TimeLimitExceededMultiplier:1.5]]
[2024.03.14-07.13.25:979][  0]LogConfig: Setting CVar [[s.TimeLimitExceededMinTime:0.005]]
[2024.03.14-07.13.25:979][  0]LogConfig: Setting CVar [[s.UseBackgroundLevelStreaming:1]]
[2024.03.14-07.13.25:979][  0]LogConfig: Setting CVar [[s.PriorityAsyncLoadingExtraTime:15.0]]
[2024.03.14-07.13.25:979][  0]LogConfig: Setting CVar [[s.LevelStreamingActorsUpdateTimeLimit:5.0]]
[2024.03.14-07.13.25:979][  0]LogConfig: Setting CVar [[s.PriorityLevelStreamingActorsUpdateExtraTime:5.0]]
[2024.03.14-07.13.25:979][  0]LogConfig: Setting CVar [[s.LevelStreamingComponentsRegistrationGranularity:10]]
[2024.03.14-07.13.25:979][  0]LogConfig: Setting CVar [[s.UnregisterComponentsTimeLimit:1.0]]
[2024.03.14-07.13.25:979][  0]LogConfig: Setting CVar [[s.LevelStreamingComponentsUnregistrationGranularity:5]]
[2024.03.14-07.13.25:979][  0]LogConfig: Setting CVar [[s.FlushStreamingOnExit:1]]
[2024.03.14-07.13.25:979][  0]LogConfig: Applying CVar settings from Section [/Script/Engine.GarbageCollectionSettings] File [D:/GitHub/UECustomizeInteractionArea/CustomArea/Saved/Config/Windows/Engine.ini]
[2024.03.14-07.13.25:979][  0]LogConfig: Setting CVar [[gc.MaxObjectsNotConsideredByGC:1]]
[2024.03.14-07.13.25:979][  0]LogConfig: Setting CVar [[gc.SizeOfPermanentObjectPool:0]]
[2024.03.14-07.13.25:979][  0]LogConfig: Setting CVar [[gc.FlushStreamingOnGC:0]]
[2024.03.14-07.13.25:979][  0]LogConfig: Setting CVar [[gc.NumRetriesBeforeForcingGC:10]]
[2024.03.14-07.13.25:979][  0]LogConfig: Setting CVar [[gc.AllowParallelGC:1]]
[2024.03.14-07.13.25:979][  0]LogConfig: Setting CVar [[gc.TimeBetweenPurgingPendingKillObjects:61.1]]
[2024.03.14-07.13.25:979][  0]LogConfig: Setting CVar [[gc.MaxObjectsInEditor:25165824]]
[2024.03.14-07.13.25:979][  0]LogConfig: Setting CVar [[gc.IncrementalBeginDestroyEnabled:1]]
[2024.03.14-07.13.25:979][  0]LogConfig: Setting CVar [[gc.CreateGCClusters:1]]
[2024.03.14-07.13.25:979][  0]LogConfig: Setting CVar [[gc.MinGCClusterSize:5]]
[2024.03.14-07.13.25:979][  0]LogConfig: Setting CVar [[gc.ActorClusteringEnabled:0]]
[2024.03.14-07.13.25:979][  0]LogConfig: Setting CVar [[gc.BlueprintClusteringEnabled:0]]
[2024.03.14-07.13.25:979][  0]LogConfig: Setting CVar [[gc.UseDisregardForGCOnDedicatedServers:0]]
[2024.03.14-07.13.25:979][  0]LogConfig: Setting CVar [[gc.MultithreadedDestructionEnabled:1]]
[2024.03.14-07.13.25:979][  0]LogConfig: Applying CVar settings from Section [/Script/Engine.NetworkSettings] File [D:/GitHub/UECustomizeInteractionArea/CustomArea/Saved/Config/Windows/Engine.ini]
[2024.03.14-07.13.25:979][  0]LogConfig: Applying CVar settings from Section [/Script/UnrealEd.CookerSettings] File [D:/GitHub/UECustomizeInteractionArea/CustomArea/Saved/Config/Windows/Engine.ini]
[2024.03.14-07.13.26:010][  0]LogConfig: Applying CVar settings from Section [ViewDistanceQuality@3] File [D:/GitHub/UECustomizeInteractionArea/CustomArea/Saved/Config/Windows/Scalability.ini]
[2024.03.14-07.13.26:010][  0]LogConfig: Setting CVar [[r.SkeletalMeshLODBias:0]]
[2024.03.14-07.13.26:010][  0]LogConfig: Setting CVar [[r.ViewDistanceScale:1.0]]
[2024.03.14-07.13.26:010][  0]LogConfig: Applying CVar settings from Section [AntiAliasingQuality@3] File [D:/GitHub/UECustomizeInteractionArea/CustomArea/Saved/Config/Windows/Scalability.ini]
[2024.03.14-07.13.26:010][  0]LogConfig: Setting CVar [[r.PostProcessAAQuality:4]]
[2024.03.14-07.13.26:010][  0]LogConfig: Applying CVar settings from Section [ShadowQuality@3] File [D:/GitHub/UECustomizeInteractionArea/CustomArea/Saved/Config/Windows/Scalability.ini]
[2024.03.14-07.13.26:010][  0]LogConfig: Setting CVar [[r.LightFunctionQuality:1]]
[2024.03.14-07.13.26:010][  0]LogConfig: Setting CVar [[r.ShadowQuality:5]]
[2024.03.14-07.13.26:010][  0]LogConfig: Setting CVar [[r.Shadow.CSM.MaxCascades:10]]
[2024.03.14-07.13.26:010][  0]LogConfig: Setting CVar [[r.Shadow.MaxResolution:2048]]
[2024.03.14-07.13.26:010][  0]LogConfig: Setting CVar [[r.Shadow.MaxCSMResolution:2048]]
[2024.03.14-07.13.26:010][  0]LogConfig: Setting CVar [[r.Shadow.RadiusThreshold:0.01]]
[2024.03.14-07.13.26:010][  0]LogConfig: Setting CVar [[r.Shadow.DistanceScale:1.0]]
[2024.03.14-07.13.26:010][  0]LogConfig: Setting CVar [[r.Shadow.CSM.TransitionScale:1.0]]
[2024.03.14-07.13.26:010][  0]LogConfig: Setting CVar [[r.Shadow.PreShadowResolutionFactor:1.0]]
[2024.03.14-07.13.26:010][  0]LogConfig: Setting CVar [[r.DistanceFieldShadowing:1]]
[2024.03.14-07.13.26:010][  0]LogConfig: Setting CVar [[r.DistanceFieldAO:1]]
[2024.03.14-07.13.26:010][  0]LogConfig: Setting CVar [[r.AOQuality:2]]
[2024.03.14-07.13.26:010][  0]LogConfig: Setting CVar [[r.VolumetricFog:1]]
[2024.03.14-07.13.26:010][  0]LogConfig: Setting CVar [[r.VolumetricFog.GridPixelSize:8]]
[2024.03.14-07.13.26:010][  0]LogConfig: Setting CVar [[r.VolumetricFog.GridSizeZ:128]]
[2024.03.14-07.13.26:010][  0]LogConfig: Setting CVar [[r.VolumetricFog.HistoryMissSupersampleCount:4]]
[2024.03.14-07.13.26:010][  0]LogConfig: Setting CVar [[r.LightMaxDrawDistanceScale:1]]
[2024.03.14-07.13.26:010][  0]LogConfig: Setting CVar [[r.CapsuleShadows:1]]
[2024.03.14-07.13.26:010][  0]LogConfig: Applying CVar settings from Section [PostProcessQuality@3] File [D:/GitHub/UECustomizeInteractionArea/CustomArea/Saved/Config/Windows/Scalability.ini]
[2024.03.14-07.13.26:010][  0]LogConfig: Setting CVar [[r.MotionBlurQuality:4]]
[2024.03.14-07.13.26:010][  0]LogConfig: Setting CVar [[r.AmbientOcclusionMipLevelFactor:0.4]]
[2024.03.14-07.13.26:010][  0]LogConfig: Setting CVar [[r.AmbientOcclusionMaxQuality:100]]
[2024.03.14-07.13.26:010][  0]LogConfig: Setting CVar [[r.AmbientOcclusionLevels:-1]]
[2024.03.14-07.13.26:010][  0]LogConfig: Setting CVar [[r.AmbientOcclusionRadiusScale:1.0]]
[2024.03.14-07.13.26:010][  0]LogConfig: Setting CVar [[r.DepthOfFieldQuality:2]]
[2024.03.14-07.13.26:010][  0]LogConfig: Setting CVar [[r.RenderTargetPoolMin:400]]
[2024.03.14-07.13.26:010][  0]LogConfig: Setting CVar [[r.LensFlareQuality:2]]
[2024.03.14-07.13.26:010][  0]LogConfig: Setting CVar [[r.SceneColorFringeQuality:1]]
[2024.03.14-07.13.26:010][  0]LogConfig: Setting CVar [[r.EyeAdaptationQuality:2]]
[2024.03.14-07.13.26:010][  0]LogConfig: Setting CVar [[r.BloomQuality:5]]
[2024.03.14-07.13.26:010][  0]LogConfig: Setting CVar [[r.FastBlurThreshold:100]]
[2024.03.14-07.13.26:010][  0]LogConfig: Setting CVar [[r.Upscale.Quality:3]]
[2024.03.14-07.13.26:010][  0]LogConfig: Setting CVar [[r.Tonemapper.GrainQuantization:1]]
[2024.03.14-07.13.26:010][  0]LogConfig: Setting CVar [[r.LightShaftQuality:1]]
[2024.03.14-07.13.26:010][  0]LogConfig: Setting CVar [[r.Filter.SizeScale:1]]
[2024.03.14-07.13.26:010][  0]LogConfig: Setting CVar [[r.Tonemapper.Quality:5]]
[2024.03.14-07.13.26:010][  0]LogConfig: Setting CVar [[r.DOF.Gather.AccumulatorQuality:1        ; higher gathering accumulator quality]]
[2024.03.14-07.13.26:010][  0]LogConfig: Setting CVar [[r.DOF.Gather.PostfilterMethod:1          ; Median3x3 postfilering method]]
[2024.03.14-07.13.26:010][  0]LogConfig: Setting CVar [[r.DOF.Gather.EnableBokehSettings:0       ; no bokeh simulation when gathering]]
[2024.03.14-07.13.26:010][  0]LogConfig: Setting CVar [[r.DOF.Gather.RingCount:4                 ; medium number of samples when gathering]]
[2024.03.14-07.13.26:010][  0]LogConfig: Setting CVar [[r.DOF.Scatter.ForegroundCompositing:1    ; additive foreground scattering]]
[2024.03.14-07.13.26:010][  0]LogConfig: Setting CVar [[r.DOF.Scatter.BackgroundCompositing:2    ; additive background scattering]]
[2024.03.14-07.13.26:010][  0]LogConfig: Setting CVar [[r.DOF.Scatter.EnableBokehSettings:1      ; bokeh simulation when scattering]]
[2024.03.14-07.13.26:010][  0]LogConfig: Setting CVar [[r.DOF.Scatter.MaxSpriteRatio:0.1         ; only a maximum of 10% of scattered bokeh]]
[2024.03.14-07.13.26:010][  0]LogConfig: Setting CVar [[r.DOF.Recombine.Quality:1                ; cheap slight out of focus]]
[2024.03.14-07.13.26:010][  0]LogConfig: Setting CVar [[r.DOF.Recombine.EnableBokehSettings:0    ; no bokeh simulation on slight out of focus]]
[2024.03.14-07.13.26:010][  0]LogConfig: Setting CVar [[r.DOF.TemporalAAQuality:1                ; more stable temporal accumulation]]
[2024.03.14-07.13.26:010][  0]LogConfig: Setting CVar [[r.DOF.Kernel.MaxForegroundRadius:0.025]]
[2024.03.14-07.13.26:010][  0]LogConfig: Setting CVar [[r.DOF.Kernel.MaxBackgroundRadius:0.025]]
[2024.03.14-07.13.26:010][  0]LogConfig: Applying CVar settings from Section [TextureQuality@3] File [D:/GitHub/UECustomizeInteractionArea/CustomArea/Saved/Config/Windows/Scalability.ini]
[2024.03.14-07.13.26:010][  0]LogConfig: Setting CVar [[r.Streaming.MipBias:0]]
[2024.03.14-07.13.26:010][  0]LogConfig: Setting CVar [[r.Streaming.AmortizeCPUToGPUCopy:0]]
[2024.03.14-07.13.26:010][  0]LogConfig: Setting CVar [[r.Streaming.MaxNumTexturesToStreamPerFrame:0]]
[2024.03.14-07.13.26:010][  0]LogConfig: Setting CVar [[r.Streaming.Boost:1]]
[2024.03.14-07.13.26:010][  0]LogConfig: Setting CVar [[r.MaxAnisotropy:8]]
[2024.03.14-07.13.26:010][  0]LogConfig: Setting CVar [[r.VT.MaxAnisotropy:8]]
[2024.03.14-07.13.26:010][  0]LogConfig: Setting CVar [[r.Streaming.LimitPoolSizeToVRAM:0]]
[2024.03.14-07.13.26:010][  0]LogConfig: Setting CVar [[r.Streaming.PoolSize:1000]]
[2024.03.14-07.13.26:010][  0]LogConfig: Setting CVar [[r.Streaming.MaxEffectiveScreenSize:0]]
[2024.03.14-07.13.26:010][  0]LogConfig: Applying CVar settings from Section [EffectsQuality@3] File [D:/GitHub/UECustomizeInteractionArea/CustomArea/Saved/Config/Windows/Scalability.ini]
[2024.03.14-07.13.26:010][  0]LogConfig: Setting CVar [[r.TranslucencyLightingVolumeDim:64]]
[2024.03.14-07.13.26:010][  0]LogConfig: Setting CVar [[r.RefractionQuality:2]]
[2024.03.14-07.13.26:010][  0]LogConfig: Setting CVar [[r.SSR.Quality:3]]
[2024.03.14-07.13.26:010][  0]LogConfig: Setting CVar [[r.SSR.HalfResSceneColor:0]]
[2024.03.14-07.13.26:010][  0]LogConfig: Setting CVar [[r.SceneColorFormat:4]]
[2024.03.14-07.13.26:010][  0]LogConfig: Setting CVar [[r.DetailMode:2]]
[2024.03.14-07.13.26:010][  0]LogConfig: Setting CVar [[r.TranslucencyVolumeBlur:1]]
[2024.03.14-07.13.26:010][  0]LogConfig: Setting CVar [[r.MaterialQualityLevel:1 ; High quality]]
[2024.03.14-07.13.26:010][  0]LogConfig: Setting CVar [[r.AnisotropicMaterials:1]]
[2024.03.14-07.13.26:010][  0]LogConfig: Setting CVar [[r.SSS.Scale:1]]
[2024.03.14-07.13.26:010][  0]LogConfig: Setting CVar [[r.SSS.SampleSet:2]]
[2024.03.14-07.13.26:010][  0]LogConfig: Setting CVar [[r.SSS.Quality:1]]
[2024.03.14-07.13.26:010][  0]LogConfig: Setting CVar [[r.SSS.HalfRes:0]]
[2024.03.14-07.13.26:010][  0]LogConfig: Setting CVar [[r.SSGI.Quality:3]]
[2024.03.14-07.13.26:010][  0]LogConfig: Setting CVar [[r.EmitterSpawnRateScale:1.0]]
[2024.03.14-07.13.26:010][  0]LogConfig: Setting CVar [[r.ParticleLightQuality:2]]
[2024.03.14-07.13.26:010][  0]LogConfig: Setting CVar [[r.SkyAtmosphere.AerialPerspectiveLUT.FastApplyOnOpaque:1 ; Always have FastSkyLUT 1 in this case to avoid wrong sky]]
[2024.03.14-07.13.26:010][  0]LogConfig: Setting CVar [[r.SkyAtmosphere.AerialPerspectiveLUT.SampleCountMaxPerSlice:4]]
[2024.03.14-07.13.26:011][  0]LogConfig: Setting CVar [[r.SkyAtmosphere.AerialPerspectiveLUT.DepthResolution:16.0]]
[2024.03.14-07.13.26:011][  0]LogConfig: Setting CVar [[r.SkyAtmosphere.FastSkyLUT:1]]
[2024.03.14-07.13.26:011][  0]LogConfig: Setting CVar [[r.SkyAtmosphere.FastSkyLUT.SampleCountMin:4.0]]
[2024.03.14-07.13.26:011][  0]LogConfig: Setting CVar [[r.SkyAtmosphere.FastSkyLUT.SampleCountMax:128.0]]
[2024.03.14-07.13.26:011][  0]LogConfig: Setting CVar [[r.SkyAtmosphere.SampleCountMin:4.0]]
[2024.03.14-07.13.26:011][  0]LogConfig: Setting CVar [[r.SkyAtmosphere.SampleCountMax:128.0]]
[2024.03.14-07.13.26:011][  0]LogConfig: Setting CVar [[r.SkyAtmosphere.TransmittanceLUT.UseSmallFormat:0]]
[2024.03.14-07.13.26:011][  0]LogConfig: Setting CVar [[r.SkyAtmosphere.TransmittanceLUT.SampleCount:10.0]]
[2024.03.14-07.13.26:011][  0]LogConfig: Setting CVar [[r.SkyAtmosphere.MultiScatteringLUT.SampleCount:15.0]]
[2024.03.14-07.13.26:011][  0]LogConfig: Setting CVar [[r.SkyLight.RealTimeReflectionCapture:1]]
[2024.03.14-07.13.26:011][  0]LogConfig: Applying CVar settings from Section [FoliageQuality@3] File [D:/GitHub/UECustomizeInteractionArea/CustomArea/Saved/Config/Windows/Scalability.ini]
[2024.03.14-07.13.26:011][  0]LogConfig: Setting CVar [[foliage.DensityScale:1.0]]
[2024.03.14-07.13.26:011][  0]LogConfig: Setting CVar [[grass.DensityScale:1.0]]
[2024.03.14-07.13.26:011][  0]LogConfig: Applying CVar settings from Section [ShadingQuality@3] File [D:/GitHub/UECustomizeInteractionArea/CustomArea/Saved/Config/Windows/Scalability.ini]
[2024.03.14-07.13.26:011][  0]LogConfig: Setting CVar [[r.HairStrands.SkyLighting.IntegrationType:2]]
[2024.03.14-07.13.26:011][  0]LogConfig: Setting CVar [[r.HairStrands.SkyAO.SampleCount:4]]
[2024.03.14-07.13.26:011][  0]LogConfig: Setting CVar [[r.HairStrands.Visibility.MSAA.SamplePerPixel:4]]
[2024.03.14-07.13.26:011][  0]LogInit: Selected Device Profile: [Windows]
[2024.03.14-07.13.26:011][  0]LogInit: Applying CVar settings loaded from the selected device profile: [Windows]
[2024.03.14-07.13.26:011][  0]LogHAL: Display: Platform has ~ 64 GB [68483776512 / 68719476736 / 64], which maps to Largest [LargestMinGB=32, LargerMinGB=12, DefaultMinGB=8, SmallerMinGB=6, SmallestMinGB=0)
[2024.03.14-07.13.26:011][  0]LogInit: Going up to parent DeviceProfile []
[2024.03.14-07.13.26:011][  0]LogConfig: Applying CVar settings from Section [ViewDistanceQuality@3] File [D:/GitHub/UECustomizeInteractionArea/CustomArea/Saved/Config/Windows/Scalability.ini]
[2024.03.14-07.13.26:011][  0]LogConfig: Setting CVar [[r.SkeletalMeshLODBias:0]]
[2024.03.14-07.13.26:011][  0]LogConfig: Setting CVar [[r.ViewDistanceScale:1.0]]
[2024.03.14-07.13.26:011][  0]LogConfig: Applying CVar settings from Section [AntiAliasingQuality@3] File [D:/GitHub/UECustomizeInteractionArea/CustomArea/Saved/Config/Windows/Scalability.ini]
[2024.03.14-07.13.26:011][  0]LogConfig: Setting CVar [[r.PostProcessAAQuality:4]]
[2024.03.14-07.13.26:011][  0]LogConfig: Applying CVar settings from Section [ShadowQuality@3] File [D:/GitHub/UECustomizeInteractionArea/CustomArea/Saved/Config/Windows/Scalability.ini]
[2024.03.14-07.13.26:011][  0]LogConfig: Setting CVar [[r.LightFunctionQuality:1]]
[2024.03.14-07.13.26:011][  0]LogConfig: Setting CVar [[r.ShadowQuality:5]]
[2024.03.14-07.13.26:011][  0]LogConfig: Setting CVar [[r.Shadow.CSM.MaxCascades:10]]
[2024.03.14-07.13.26:011][  0]LogConfig: Setting CVar [[r.Shadow.MaxResolution:2048]]
[2024.03.14-07.13.26:011][  0]LogConfig: Setting CVar [[r.Shadow.MaxCSMResolution:2048]]
[2024.03.14-07.13.26:011][  0]LogConfig: Setting CVar [[r.Shadow.RadiusThreshold:0.01]]
[2024.03.14-07.13.26:011][  0]LogConfig: Setting CVar [[r.Shadow.DistanceScale:1.0]]
[2024.03.14-07.13.26:011][  0]LogConfig: Setting CVar [[r.Shadow.CSM.TransitionScale:1.0]]
[2024.03.14-07.13.26:011][  0]LogConfig: Setting CVar [[r.Shadow.PreShadowResolutionFactor:1.0]]
[2024.03.14-07.13.26:011][  0]LogConfig: Setting CVar [[r.DistanceFieldShadowing:1]]
[2024.03.14-07.13.26:011][  0]LogConfig: Setting CVar [[r.DistanceFieldAO:1]]
[2024.03.14-07.13.26:011][  0]LogConfig: Setting CVar [[r.AOQuality:2]]
[2024.03.14-07.13.26:011][  0]LogConfig: Setting CVar [[r.VolumetricFog:1]]
[2024.03.14-07.13.26:011][  0]LogConfig: Setting CVar [[r.VolumetricFog.GridPixelSize:8]]
[2024.03.14-07.13.26:011][  0]LogConfig: Setting CVar [[r.VolumetricFog.GridSizeZ:128]]
[2024.03.14-07.13.26:011][  0]LogConfig: Setting CVar [[r.VolumetricFog.HistoryMissSupersampleCount:4]]
[2024.03.14-07.13.26:011][  0]LogConfig: Setting CVar [[r.LightMaxDrawDistanceScale:1]]
[2024.03.14-07.13.26:011][  0]LogConfig: Setting CVar [[r.CapsuleShadows:1]]
[2024.03.14-07.13.26:011][  0]LogConfig: Applying CVar settings from Section [PostProcessQuality@3] File [D:/GitHub/UECustomizeInteractionArea/CustomArea/Saved/Config/Windows/Scalability.ini]
[2024.03.14-07.13.26:011][  0]LogConfig: Setting CVar [[r.MotionBlurQuality:4]]
[2024.03.14-07.13.26:011][  0]LogConfig: Setting CVar [[r.AmbientOcclusionMipLevelFactor:0.4]]
[2024.03.14-07.13.26:011][  0]LogConfig: Setting CVar [[r.AmbientOcclusionMaxQuality:100]]
[2024.03.14-07.13.26:011][  0]LogConfig: Setting CVar [[r.AmbientOcclusionLevels:-1]]
[2024.03.14-07.13.26:011][  0]LogConfig: Setting CVar [[r.AmbientOcclusionRadiusScale:1.0]]
[2024.03.14-07.13.26:011][  0]LogConfig: Setting CVar [[r.DepthOfFieldQuality:2]]
[2024.03.14-07.13.26:011][  0]LogConfig: Setting CVar [[r.RenderTargetPoolMin:400]]
[2024.03.14-07.13.26:011][  0]LogConfig: Setting CVar [[r.LensFlareQuality:2]]
[2024.03.14-07.13.26:011][  0]LogConfig: Setting CVar [[r.SceneColorFringeQuality:1]]
[2024.03.14-07.13.26:011][  0]LogConfig: Setting CVar [[r.EyeAdaptationQuality:2]]
[2024.03.14-07.13.26:011][  0]LogConfig: Setting CVar [[r.BloomQuality:5]]
[2024.03.14-07.13.26:011][  0]LogConfig: Setting CVar [[r.FastBlurThreshold:100]]
[2024.03.14-07.13.26:011][  0]LogConfig: Setting CVar [[r.Upscale.Quality:3]]
[2024.03.14-07.13.26:011][  0]LogConfig: Setting CVar [[r.Tonemapper.GrainQuantization:1]]
[2024.03.14-07.13.26:011][  0]LogConfig: Setting CVar [[r.LightShaftQuality:1]]
[2024.03.14-07.13.26:011][  0]LogConfig: Setting CVar [[r.Filter.SizeScale:1]]
[2024.03.14-07.13.26:011][  0]LogConfig: Setting CVar [[r.Tonemapper.Quality:5]]
[2024.03.14-07.13.26:011][  0]LogConfig: Setting CVar [[r.DOF.Gather.AccumulatorQuality:1        ; higher gathering accumulator quality]]
[2024.03.14-07.13.26:011][  0]LogConfig: Setting CVar [[r.DOF.Gather.PostfilterMethod:1          ; Median3x3 postfilering method]]
[2024.03.14-07.13.26:011][  0]LogConfig: Setting CVar [[r.DOF.Gather.EnableBokehSettings:0       ; no bokeh simulation when gathering]]
[2024.03.14-07.13.26:011][  0]LogConfig: Setting CVar [[r.DOF.Gather.RingCount:4                 ; medium number of samples when gathering]]
[2024.03.14-07.13.26:011][  0]LogConfig: Setting CVar [[r.DOF.Scatter.ForegroundCompositing:1    ; additive foreground scattering]]
[2024.03.14-07.13.26:011][  0]LogConfig: Setting CVar [[r.DOF.Scatter.BackgroundCompositing:2    ; additive background scattering]]
[2024.03.14-07.13.26:011][  0]LogConfig: Setting CVar [[r.DOF.Scatter.EnableBokehSettings:1      ; bokeh simulation when scattering]]
[2024.03.14-07.13.26:011][  0]LogConfig: Setting CVar [[r.DOF.Scatter.MaxSpriteRatio:0.1         ; only a maximum of 10% of scattered bokeh]]
[2024.03.14-07.13.26:011][  0]LogConfig: Setting CVar [[r.DOF.Recombine.Quality:1                ; cheap slight out of focus]]
[2024.03.14-07.13.26:011][  0]LogConfig: Setting CVar [[r.DOF.Recombine.EnableBokehSettings:0    ; no bokeh simulation on slight out of focus]]
[2024.03.14-07.13.26:011][  0]LogConfig: Setting CVar [[r.DOF.TemporalAAQuality:1                ; more stable temporal accumulation]]
[2024.03.14-07.13.26:011][  0]LogConfig: Setting CVar [[r.DOF.Kernel.MaxForegroundRadius:0.025]]
[2024.03.14-07.13.26:011][  0]LogConfig: Setting CVar [[r.DOF.Kernel.MaxBackgroundRadius:0.025]]
[2024.03.14-07.13.26:011][  0]LogConfig: Applying CVar settings from Section [TextureQuality@3] File [D:/GitHub/UECustomizeInteractionArea/CustomArea/Saved/Config/Windows/Scalability.ini]
[2024.03.14-07.13.26:011][  0]LogConfig: Setting CVar [[r.Streaming.MipBias:0]]
[2024.03.14-07.13.26:011][  0]LogConfig: Setting CVar [[r.Streaming.AmortizeCPUToGPUCopy:0]]
[2024.03.14-07.13.26:011][  0]LogConfig: Setting CVar [[r.Streaming.MaxNumTexturesToStreamPerFrame:0]]
[2024.03.14-07.13.26:011][  0]LogConfig: Setting CVar [[r.Streaming.Boost:1]]
[2024.03.14-07.13.26:011][  0]LogConfig: Setting CVar [[r.MaxAnisotropy:8]]
[2024.03.14-07.13.26:011][  0]LogConfig: Setting CVar [[r.VT.MaxAnisotropy:8]]
[2024.03.14-07.13.26:011][  0]LogConfig: Setting CVar [[r.Streaming.LimitPoolSizeToVRAM:0]]
[2024.03.14-07.13.26:011][  0]LogConfig: Setting CVar [[r.Streaming.PoolSize:1000]]
[2024.03.14-07.13.26:011][  0]LogConfig: Setting CVar [[r.Streaming.MaxEffectiveScreenSize:0]]
[2024.03.14-07.13.26:011][  0]LogConfig: Applying CVar settings from Section [EffectsQuality@3] File [D:/GitHub/UECustomizeInteractionArea/CustomArea/Saved/Config/Windows/Scalability.ini]
[2024.03.14-07.13.26:011][  0]LogConfig: Setting CVar [[r.TranslucencyLightingVolumeDim:64]]
[2024.03.14-07.13.26:011][  0]LogConfig: Setting CVar [[r.RefractionQuality:2]]
[2024.03.14-07.13.26:011][  0]LogConfig: Setting CVar [[r.SSR.Quality:3]]
[2024.03.14-07.13.26:011][  0]LogConfig: Setting CVar [[r.SSR.HalfResSceneColor:0]]
[2024.03.14-07.13.26:011][  0]LogConfig: Setting CVar [[r.SceneColorFormat:4]]
[2024.03.14-07.13.26:011][  0]LogConfig: Setting CVar [[r.DetailMode:2]]
[2024.03.14-07.13.26:011][  0]LogConfig: Setting CVar [[r.TranslucencyVolumeBlur:1]]
[2024.03.14-07.13.26:011][  0]LogConfig: Setting CVar [[r.MaterialQualityLevel:1 ; High quality]]
[2024.03.14-07.13.26:011][  0]LogConfig: Setting CVar [[r.AnisotropicMaterials:1]]
[2024.03.14-07.13.26:011][  0]LogConfig: Setting CVar [[r.SSS.Scale:1]]
[2024.03.14-07.13.26:011][  0]LogConfig: Setting CVar [[r.SSS.SampleSet:2]]
[2024.03.14-07.13.26:011][  0]LogConfig: Setting CVar [[r.SSS.Quality:1]]
[2024.03.14-07.13.26:011][  0]LogConfig: Setting CVar [[r.SSS.HalfRes:0]]
[2024.03.14-07.13.26:011][  0]LogConfig: Setting CVar [[r.SSGI.Quality:3]]
[2024.03.14-07.13.26:011][  0]LogConfig: Setting CVar [[r.EmitterSpawnRateScale:1.0]]
[2024.03.14-07.13.26:011][  0]LogConfig: Setting CVar [[r.ParticleLightQuality:2]]
[2024.03.14-07.13.26:011][  0]LogConfig: Setting CVar [[r.SkyAtmosphere.AerialPerspectiveLUT.FastApplyOnOpaque:1 ; Always have FastSkyLUT 1 in this case to avoid wrong sky]]
[2024.03.14-07.13.26:011][  0]LogConfig: Setting CVar [[r.SkyAtmosphere.AerialPerspectiveLUT.SampleCountMaxPerSlice:4]]
[2024.03.14-07.13.26:011][  0]LogConfig: Setting CVar [[r.SkyAtmosphere.AerialPerspectiveLUT.DepthResolution:16.0]]
[2024.03.14-07.13.26:011][  0]LogConfig: Setting CVar [[r.SkyAtmosphere.FastSkyLUT:1]]
[2024.03.14-07.13.26:011][  0]LogConfig: Setting CVar [[r.SkyAtmosphere.FastSkyLUT.SampleCountMin:4.0]]
[2024.03.14-07.13.26:011][  0]LogConfig: Setting CVar [[r.SkyAtmosphere.FastSkyLUT.SampleCountMax:128.0]]
[2024.03.14-07.13.26:011][  0]LogConfig: Setting CVar [[r.SkyAtmosphere.SampleCountMin:4.0]]
[2024.03.14-07.13.26:011][  0]LogConfig: Setting CVar [[r.SkyAtmosphere.SampleCountMax:128.0]]
[2024.03.14-07.13.26:012][  0]LogConfig: Setting CVar [[r.SkyAtmosphere.TransmittanceLUT.UseSmallFormat:0]]
[2024.03.14-07.13.26:012][  0]LogConfig: Setting CVar [[r.SkyAtmosphere.TransmittanceLUT.SampleCount:10.0]]
[2024.03.14-07.13.26:012][  0]LogConfig: Setting CVar [[r.SkyAtmosphere.MultiScatteringLUT.SampleCount:15.0]]
[2024.03.14-07.13.26:012][  0]LogConfig: Setting CVar [[r.SkyLight.RealTimeReflectionCapture:1]]
[2024.03.14-07.13.26:012][  0]LogConfig: Applying CVar settings from Section [FoliageQuality@3] File [D:/GitHub/UECustomizeInteractionArea/CustomArea/Saved/Config/Windows/Scalability.ini]
[2024.03.14-07.13.26:012][  0]LogConfig: Setting CVar [[foliage.DensityScale:1.0]]
[2024.03.14-07.13.26:012][  0]LogConfig: Setting CVar [[grass.DensityScale:1.0]]
[2024.03.14-07.13.26:012][  0]LogConfig: Applying CVar settings from Section [ShadingQuality@3] File [D:/GitHub/UECustomizeInteractionArea/CustomArea/Saved/Config/Windows/Scalability.ini]
[2024.03.14-07.13.26:012][  0]LogConfig: Setting CVar [[r.HairStrands.SkyLighting.IntegrationType:2]]
[2024.03.14-07.13.26:012][  0]LogConfig: Setting CVar [[r.HairStrands.SkyAO.SampleCount:4]]
[2024.03.14-07.13.26:012][  0]LogConfig: Setting CVar [[r.HairStrands.Visibility.MSAA.SamplePerPixel:4]]
[2024.03.14-07.13.26:012][  0]LogConfig: Applying CVar settings from Section [Startup] File [../../../Engine/Config/ConsoleVariables.ini]
[2024.03.14-07.13.26:012][  0]LogConfig: Setting CVar [[net.UseAdaptiveNetUpdateFrequency:0]]
[2024.03.14-07.13.26:012][  0]LogConfig: Setting CVar [[p.chaos.AllowCreatePhysxBodies:1]]
[2024.03.14-07.13.26:012][  0]LogConfig: Setting CVar [[fx.SkipVectorVMBackendOptimizations:1]]
[2024.03.14-07.13.26:012][  0]LogConfig: Applying CVar settings from Section [ConsoleVariables] File [D:/GitHub/UECustomizeInteractionArea/CustomArea/Saved/Config/Windows/Engine.ini]
[2024.03.14-07.13.26:012][  0]LogConfig: Applying CVar settings from Section [ConsoleVariables] File [D:/GitHub/UECustomizeInteractionArea/CustomArea/Saved/Config/Windows/Editor.ini]
[2024.03.14-07.13.26:012][  0]LogInit: Computer: KIPSWANG-PC0
[2024.03.14-07.13.26:012][  0]LogInit: User: kipswang
[2024.03.14-07.13.26:012][  0]LogInit: CPU Page size=4096, Cores=10
[2024.03.14-07.13.26:012][  0]LogInit: High frequency timer resolution =10.000000 MHz
[2024.03.14-07.13.26:012][  0]LogMemory: Memory total: Physical=63.8GB (64GB approx)
[2024.03.14-07.13.26:012][  0]LogMemory: Platform Memory Stats for Windows
[2024.03.14-07.13.26:012][  0]LogMemory: Process Physical Memory: 149.32 MB used, 149.32 MB peak
[2024.03.14-07.13.26:012][  0]LogMemory: Process Virtual Memory: 128.66 MB used, 128.66 MB peak
[2024.03.14-07.13.26:012][  0]LogMemory: Physical Memory: 52259.18 MB used,  13052.04 MB free, 65311.22 MB total
[2024.03.14-07.13.26:012][  0]LogMemory: Virtual Memory: 134195400.00 MB used,  22327.38 MB free, 134217728.00 MB total
[2024.03.14-07.13.26:025][  0]LogWindows: WindowsPlatformFeatures enabled
[2024.03.14-07.13.26:272][  0]LogInit: Physics initialised using underlying interface: PhysX
[2024.03.14-07.13.26:273][  0]LogInit: Overriding language with editor language configuration option (en).
[2024.03.14-07.13.26:273][  0]LogInit: Overriding language with editor locale configuration option (en).
[2024.03.14-07.13.26:515][  0]LogInit: Setting process to per monitor DPI aware
[2024.03.14-07.13.26:768][  0]LogWindowsTextInputMethodSystem: Display: IME system deactivated.
[2024.03.14-07.13.26:803][  0]LogSlate: New Slate User Created.  User Index 0, Is Virtual User: 0
[2024.03.14-07.13.26:803][  0]LogSlate: Slate User Registered.  User Index 0, Is Virtual User: 0
[2024.03.14-07.13.27:064][  0]LogD3D11RHI: Loaded GFSDK_Aftermath_Lib.x64.dll
[2024.03.14-07.13.27:074][  0]LogHMD: Failed to initialize OpenVR with code 110
[2024.03.14-07.13.27:074][  0]LogD3D11RHI: D3D11 min allowed feature level: 11_0
[2024.03.14-07.13.27:074][  0]LogD3D11RHI: D3D11 max allowed feature level: 11_0
[2024.03.14-07.13.27:074][  0]LogD3D11RHI: D3D11 adapters:
[2024.03.14-07.13.27:910][  0]LogD3D11RHI:    0. 'NVIDIA GeForce RTX 3080' (Feature Level 11_0)
[2024.03.14-07.13.27:911][  0]LogD3D11RHI:       10053/0/32655 MB DedicatedVideo/DedicatedSystem/SharedSystem, Outputs:2, VendorId:0x10de
[2024.03.14-07.13.28:505][  0]LogD3D11RHI:    1. 'Intel(R) UHD Graphics 630' (Feature Level 11_0)
[2024.03.14-07.13.28:505][  0]LogD3D11RHI:       128/0/32655 MB DedicatedVideo/DedicatedSystem/SharedSystem, Outputs:0, VendorId:0x8086
[2024.03.14-07.13.28:550][  0]LogD3D11RHI:    2. 'Microsoft Basic Render Driver' (Feature Level 11_0)
[2024.03.14-07.13.28:550][  0]LogD3D11RHI:       0/0/32655 MB DedicatedVideo/DedicatedSystem/SharedSystem, Outputs:0, VendorId:0x1414
[2024.03.14-07.13.28:550][  0]LogD3D11RHI: Chosen D3D11 Adapter:
[2024.03.14-07.13.28:550][  0]LogD3D11RHI:     Description : NVIDIA GeForce RTX 3080
[2024.03.14-07.13.28:550][  0]LogD3D11RHI:     VendorId    : 10de
[2024.03.14-07.13.28:550][  0]LogD3D11RHI:     DeviceId    : 2206
[2024.03.14-07.13.28:550][  0]LogD3D11RHI:     SubSysId    : 88d7103c
[2024.03.14-07.13.28:550][  0]LogD3D11RHI:     Revision    : 00a1
[2024.03.14-07.13.28:550][  0]LogD3D11RHI:     DedicatedVideoMemory : 10541334528 bytes
[2024.03.14-07.13.28:550][  0]LogD3D11RHI:     DedicatedSystemMemory : 0 bytes
[2024.03.14-07.13.28:550][  0]LogD3D11RHI:     SharedSystemMemory : 34241888256 bytes
[2024.03.14-07.13.28:550][  0]LogD3D11RHI:     AdapterLuid : 0 81189
[2024.03.14-07.13.28:561][  0]LogD3D11RHI: Creating new Direct3DDevice
[2024.03.14-07.13.28:561][  0]LogD3D11RHI:     GPU DeviceId: 0x2206 (for the marketing name, search the web for "GPU Device Id")
[2024.03.14-07.13.28:561][  0]LogWindows: EnumDisplayDevices:
[2024.03.14-07.13.28:561][  0]LogWindows:    0. 'NVIDIA GeForce RTX 3080' (P:1 D:1)
[2024.03.14-07.13.28:561][  0]LogWindows:    1. 'NVIDIA GeForce RTX 3080' (P:0 D:1)
[2024.03.14-07.13.28:562][  0]LogWindows:    2. 'NVIDIA GeForce RTX 3080' (P:0 D:0)
[2024.03.14-07.13.28:562][  0]LogWindows:    3. 'NVIDIA GeForce RTX 3080' (P:0 D:0)
[2024.03.14-07.13.28:562][  0]LogWindows:    4. 'Intel(R) UHD Graphics 630' (P:0 D:0)
[2024.03.14-07.13.28:563][  0]LogWindows:    5. 'Intel(R) UHD Graphics 630' (P:0 D:0)
[2024.03.14-07.13.28:563][  0]LogWindows:    6. 'Intel(R) UHD Graphics 630' (P:0 D:0)
[2024.03.14-07.13.28:563][  0]LogWindows: DebugString: PrimaryIsNotTheChoosenAdapter PrimaryIsNotTheChoosenAdapter PrimaryIsNotTheChoosenAdapter FoundDriverCount:4 
[2024.03.14-07.13.28:563][  0]LogD3D11RHI:     Adapter Name: NVIDIA GeForce RTX 3080
[2024.03.14-07.13.28:563][  0]LogD3D11RHI:   Driver Version: 551.61 (internal:31.0.15.5161, unified:551.61)
[2024.03.14-07.13.28:563][  0]LogD3D11RHI:      Driver Date: 2-15-2024
[2024.03.14-07.13.28:564][  0]LogRHI: Texture pool is 7037 MB (70% of 10053 MB)
[2024.03.14-07.13.28:564][  0]LogD3D11RHI: Creating D3DDevice using adapter:
[2024.03.14-07.13.28:564][  0]LogD3D11RHI:     Description : NVIDIA GeForce RTX 3080
[2024.03.14-07.13.28:564][  0]LogD3D11RHI:     VendorId    : 10de
[2024.03.14-07.13.28:564][  0]LogD3D11RHI:     DeviceId    : 2206
[2024.03.14-07.13.28:564][  0]LogD3D11RHI:     SubSysId    : 88d7103c
[2024.03.14-07.13.28:564][  0]LogD3D11RHI:     Revision    : 00a1
[2024.03.14-07.13.28:564][  0]LogD3D11RHI:     DedicatedVideoMemory : 10541334528 bytes
[2024.03.14-07.13.28:564][  0]LogD3D11RHI:     DedicatedSystemMemory : 0 bytes
[2024.03.14-07.13.28:564][  0]LogD3D11RHI:     SharedSystemMemory : 34241888256 bytes
[2024.03.14-07.13.28:564][  0]LogD3D11RHI:     AdapterLuid : 0 81189
[2024.03.14-07.13.28:633][  0]LogD3D11RHI: RHI has support for 64 bit atomics
[2024.03.14-07.13.28:633][  0]LogD3D11RHI: Async texture creation enabled
[2024.03.14-07.13.28:633][  0]LogD3D11RHI: Array index from any shader is supported
[2024.03.14-07.13.28:662][  0]LogD3D11RHI: GPU Timing Frequency: 1000.000000 (Debug: 2 2)
[2024.03.14-07.13.28:745][  0]LogRHI: GeForceNow SDK initialized: 1
[2024.03.14-07.13.29:564][  0]LogTargetPlatformManager: Display: Loaded TargetPlatform 'AllDesktop'
[2024.03.14-07.13.29:586][  0]LogTargetPlatformManager: Display: Loaded TargetPlatform 'Android'
[2024.03.14-07.13.29:586][  0]LogTargetPlatformManager: Display: Loaded TargetPlatform 'Android_ASTC'
[2024.03.14-07.13.29:586][  0]LogTargetPlatformManager: Display: Loaded TargetPlatform 'Android_DXT'
[2024.03.14-07.13.29:586][  0]LogTargetPlatformManager: Display: Loaded TargetPlatform 'Android_ETC2'
[2024.03.14-07.13.29:586][  0]LogTargetPlatformManager: Display: Loaded TargetPlatform 'AndroidClient'
[2024.03.14-07.13.29:586][  0]LogTargetPlatformManager: Display: Loaded TargetPlatform 'Android_ASTCClient'
[2024.03.14-07.13.29:586][  0]LogTargetPlatformManager: Display: Loaded TargetPlatform 'Android_DXTClient'
[2024.03.14-07.13.29:586][  0]LogTargetPlatformManager: Display: Loaded TargetPlatform 'Android_ETC2Client'
[2024.03.14-07.13.29:586][  0]LogTargetPlatformManager: Display: Loaded TargetPlatform 'Android_Multi'
[2024.03.14-07.13.29:586][  0]LogTargetPlatformManager: Display: Loaded TargetPlatform 'Android_MultiClient'
[2024.03.14-07.13.29:616][  0]LogTargetPlatformManager: Display: Loaded TargetPlatform 'IOSClient'
[2024.03.14-07.13.29:616][  0]LogTargetPlatformManager: Display: Loaded TargetPlatform 'IOS'
[2024.03.14-07.13.29:629][  0]LogTargetPlatformManager: Display: Loaded TargetPlatform 'Linux'
[2024.03.14-07.13.29:637][  0]LogTargetPlatformManager: Display: Loaded TargetPlatform 'LinuxNoEditor'
[2024.03.14-07.13.29:646][  0]LogTargetPlatformManager: Display: Loaded TargetPlatform 'LinuxClient'
[2024.03.14-07.13.29:653][  0]LogTargetPlatformManager: Display: Loaded TargetPlatform 'LinuxServer'
[2024.03.14-07.13.29:665][  0]LogTargetPlatformManager: Display: Loaded TargetPlatform 'LinuxAArch64NoEditor'
[2024.03.14-07.13.29:673][  0]LogTargetPlatformManager: Display: Loaded TargetPlatform 'LinuxAArch64Client'
[2024.03.14-07.13.29:682][  0]LogTargetPlatformManager: Display: Loaded TargetPlatform 'LinuxAArch64Server'
[2024.03.14-07.13.29:705][  0]LogTargetPlatformManager: Display: Loaded TargetPlatform 'Lumin'
[2024.03.14-07.13.29:705][  0]LogTargetPlatformManager: Display: Loaded TargetPlatform 'LuminClient'
[2024.03.14-07.13.29:717][  0]LogTargetPlatformManager: Display: Loaded TargetPlatform 'MacNoEditor'
[2024.03.14-07.13.29:724][  0]LogTargetPlatformManager: Display: Loaded TargetPlatform 'Mac'
[2024.03.14-07.13.29:732][  0]LogTargetPlatformManager: Display: Loaded TargetPlatform 'MacClient'
[2024.03.14-07.13.29:740][  0]LogTargetPlatformManager: Display: Loaded TargetPlatform 'MacServer'
[2024.03.14-07.13.29:752][  0]LogTargetPlatformManager: Display: Loaded TargetPlatform 'TVOSClient'
[2024.03.14-07.13.29:752][  0]LogTargetPlatformManager: Display: Loaded TargetPlatform 'TVOS'
[2024.03.14-07.13.29:764][  0]LogTargetPlatformManager: Display: Loaded TargetPlatform 'WindowsNoEditor'
[2024.03.14-07.13.29:772][  0]LogTargetPlatformManager: Display: Loaded TargetPlatform 'Windows'
[2024.03.14-07.13.29:780][  0]LogTargetPlatformManager: Display: Loaded TargetPlatform 'WindowsClient'
[2024.03.14-07.13.29:788][  0]LogTargetPlatformManager: Display: Loaded TargetPlatform 'WindowsServer'
[2024.03.14-07.13.29:789][  0]LogTargetPlatformManager: Display: Building Assets For Windows
[2024.03.14-07.13.29:820][  0]LogAudioDebug: Display: Lib vorbis DLL was dynamically loaded.
[2024.03.14-07.13.29:949][  0]LogTextureFormatOodle: Display: Oodle Texture 2.9.0 init RDO Off
[2024.03.14-07.13.30:263][  0]LogRendererCore: Ray tracing is disabled. Reason: r.RayTracing=0.
[2024.03.14-07.13.30:263][  0]LogShaderCompilers: Guid format shader working directory is 1 characters bigger than the processId version (D:/GitHub/UECustomizeInteractionArea/CustomArea/Intermediate/Shaders/WorkingDirectory/16196/).
[2024.03.14-07.13.30:263][  0]LogShaderCompilers: Cleaned the shader compiler working directory 'C:/Users/kipswang/AppData/Local/Temp/UnrealShaderWorkingDir/0B53C8B24F12E4AA9356649888D6A4B5/'.
[2024.03.14-07.13.30:263][  0]LogXGEController: Cannot use XGE Controller as Incredibuild is not installed on this machine.
[2024.03.14-07.13.30:263][  0]LogShaderCompilers: Cannot use XGE Shader Compiler as Incredibuild is not installed on this machine.
[2024.03.14-07.13.30:263][  0]LogShaderCompilers: Display: Using Local Shader Compiler.
[2024.03.14-07.13.30:909][  0]LogDerivedDataCache: Display: Max Cache Size: 512 MB
[2024.03.14-07.13.30:981][  0]LogDerivedDataCache: Loaded boot cache 0.07s 94MB C:/Users/kipswang/AppData/Local/UnrealEngine/4.27/DerivedDataCache/Boot.ddc.
[2024.03.14-07.13.30:981][  0]LogDerivedDataCache: Display: Loaded Boot cache: C:/Users/kipswang/AppData/Local/UnrealEngine/4.27/DerivedDataCache/Boot.ddc
[2024.03.14-07.13.30:981][  0]LogDerivedDataCache: FDerivedDataBackendGraph:  Pak pak cache file D:/GitHub/UECustomizeInteractionArea/CustomArea/DerivedDataCache/DDC.ddp not found, will not use a pak cache.
[2024.03.14-07.13.30:981][  0]LogDerivedDataCache: Unable to find inner node Pak for hierarchical cache Hierarchy.
[2024.03.14-07.13.30:981][  0]LogDerivedDataCache: FDerivedDataBackendGraph:  CompressedPak pak cache file D:/GitHub/UECustomizeInteractionArea/CustomArea/DerivedDataCache/Compressed.ddp not found, will not use a pak cache.
[2024.03.14-07.13.30:981][  0]LogDerivedDataCache: Unable to find inner node CompressedPak for hierarchical cache Hierarchy.
[2024.03.14-07.13.30:995][  0]LogDerivedDataCache: Display: Pak cache opened for reading ../../../Engine/DerivedDataCache/Compressed.ddp.
[2024.03.14-07.13.30:995][  0]LogDerivedDataCache: FDerivedDataBackendGraph:  EnterprisePak pak cache file ../../../Enterprise/DerivedDataCache/Compressed.ddp not found, will not use a pak cache.
[2024.03.14-07.13.30:995][  0]LogDerivedDataCache: Unable to find inner node EnterprisePak for hierarchical cache Hierarchy.
[2024.03.14-07.13.31:007][  0]LogDerivedDataCache: Speed tests for C:/Users/kipswang/AppData/Local/UnrealEngine/Common/DerivedDataCache took 0.01 seconds
[2024.03.14-07.13.31:007][  0]LogDerivedDataCache: Display: Performance to C:/Users/kipswang/AppData/Local/UnrealEngine/Common/DerivedDataCache: Latency=0.13ms. RandomReadSpeed=227.32MBs, RandomWriteSpeed=152.97MBs. Assigned SpeedClass 'Local'
[2024.03.14-07.13.31:007][  0]LogDerivedDataCache: Using Local data cache path C:/Users/kipswang/AppData/Local/UnrealEngine/Common/DerivedDataCache: Writable
[2024.03.14-07.13.31:007][  0]LogDerivedDataCache: Shared data cache path not found in *engine.ini, will not use an Shared cache.
[2024.03.14-07.13.31:007][  0]LogDerivedDataCache: Unable to find inner node Shared for hierarchical cache Hierarchy.
[2024.03.14-07.13.31:043][  0]LogSlate: Using FreeType 2.10.0
[2024.03.14-07.13.31:045][  0]LogSlate: SlateFontServices - WITH_FREETYPE: 1, WITH_HARFBUZZ: 1
[2024.03.14-07.13.31:069][  0]LogAssetRegistry: FAssetRegistry took 0.0027 seconds to start up
[2024.03.14-07.13.31:263][  0]LogInit: Selected Device Profile: [Windows]
[2024.03.14-07.13.31:263][  0]LogInit: Active device profile: [0000020412390B00][000002040FC64AC0 49] Windows
[2024.03.14-07.13.31:263][  0]LogInit: Profiles: [0000020412390B00][000002040FC64AC0 49] Windows, [0000020412346100][000002040FC6CC40 49] WindowsNoEditor, [0000020412391900][0000020411ED2DC0 49] WindowsServer, [0000020412346E00][0000020411ED6F40 49] WindowsClient, [0000020412393C00][0000020411EDB0C0 49] IOS, [0000020412344F00][0000020411EDF240 49] iPadAir, [0000020412393E00][0000020411EE33C0 49] iPadAir2, [0000020412300C00][0000020411EEB680 49] IPadPro, [0000020412300D00][0000020411EE76C0 49] iPadAir3, [0000020412347B00][0000020411EEF840 49] iPadAir4, [0000020412303600][0000020411EF39C0 49] iPadMini2, [0000020412347200][0000020411EF7B40 49] iPadMini3, [0000020412303800][0000020411EFA140 49] iPadMini4, [0000020412347800][0000020411EFE2C0 49] iPadMini5, [000002041232C600][000002040FC68540 49] iPhone6, [000002041232C700][0000020411F02580 49] iPodTouch6, [0000020412392900][0000020411F0A7C0 49] iPhone7, [0000020412392800][0000020411F06800 49] iPodTouch7, [000002041232C100][0000020411F0E940 49] iPhone5S, [0000020412300700][0000020411F16AC0 49] iPhone6Plus, [000002041232E500][0000020411F1AC40 49] iPhone6S, [0000020412301300][0000020411F1EDC0 49] iPhone6SPlus, [000002041232FB00][0000020411F22F40 49] iPhone7Plus, [0000020412303500][0000020411F270C0 49] iPhoneSE, [0000020412392600][0000020411F2B240 49] iPhone8, [0000020412300600][0000020411F2F3C0 49] iPhone8Plus, [0000020412392200][0000020411F33540 49] iPhoneX, [0000020412303300][0000020411F376C0 49] iPhoneXS, [0000020412393400][0000020411F3B840 49] iPhoneXSMax, [0000020412302D00][0000020411F3F9C0 49] iPhoneXR, [0000020412390200][0000020411F43B40 49] iPhone11, [0000020412301E00][0000020411F46140 49] iPhone11Pro, [0000020412392A00][0000020411F4A2C0 49] iPhone11ProMax, [0000020412303700][0000020411F4E440 49] iPhoneSE2, [0000020412390D00][0000020411F525C0 49] iPhone12Mini, [0000020412301F00][0000020411F56740 49] iPhone12, [0000020412390700][0000020411F12880 49] iPhone12Pro, [0000020412301400][0000020411F5A9C0 49] iPhone12ProMax, [0000020412390C00][0000020411F5EB00 49] iPadPro105, [0000020412301700][0000020411F66C80 49] iPadPro129, [0000020412390100][0000020411F6AE00 49] iPadPro97, [0000020412303C00][0000020411F6EF80 49] iPadPro2_129, [0000020412390800][0000020411F73100 49] iPad5, [0000020412303100][0000020411F77280 49] iPad6, [0000020412390500][0000020411F7B400 49] iPad7, [0000020412302800][0000020411F7F580 49] iPad8, [0000020412391500][0000020411F83700 49] iPadPro11, [0000020412301500][0000020411F87880 49] iPadPro2_11, [0000020412390F00][0000020411F8BA00 49] iPadPro3_129, [0000020412302C00][0000020411F8FB80 49] iPadPro4_129, [0000020412392500][0000020411F92180 49] AppleTV, [0000020412301100][0000020411F96300 49] AppleTV4K, [0000020412390400][0000020411F9A480 49] TVOS, [0000020412302600][0000020411F9E600 49] Mac, [0000020412393D00][0000020411FA2780 49] MacClient, [0000020412301800][0000020411FA6900 49] MacNoEditor, [0000020412393100][0000020411F62A40 49] MacServer, [0000020412303900][0000020411FAAB80 49] Linux, [0000020412390900][0000020411FAECC0 49] LinuxAArch64, [0000020412303F00][0000020411FB6E40 49] LinuxNoEditor, [0000020412391B00][0000020411FBAFC0 49] LinuxAArch64NoEditor, [0000020412303400][0000020411FBF140 49] LinuxClient, [0000020412391C00][0000020411FC32C0 49] LinuxAArch64Client, [0000020412301D00][0000020411FC7440 49] LinuxServer, [0000020412392F00][0000020411FCB5C0 49] LinuxAArch64Server, [0000020412300500][0000020411FCF740 49] Android, [0000020412391E00][0000020411FD38C0 49] Android_Low, [0000020412303000][0000020411FD7A40 49] Android_Mid, [0000020412392400][0000020411FDBBC0 49] Android_High, [0000020412300800][0000020411FDE1C0 49] Android_Default, [0000020412393200][0000020411FE2340 49] Android_Adreno4xx, [0000020412346400][0000020411FE64C0 49] Android_Adreno5xx_Low, [000002041232DC00][0000020411FEA640 49] Android_Adreno5xx, [0000020412347D00][0000020411FEE7C0 49] Android_Adreno6xx, [000002041232EB00][0000020411FF2940 49] Android_Adreno6xx_Vulkan, [0000020412347E00][0000020411FF6AC0 49] Android_Mali_T6xx, [000002041232CF00][0000020411FB2C00 49] Android_Mali_T7xx, [0000020412345300][0000020411FFAD40 49] Android_Mali_T8xx, [000002041232DF00][0000020411FFEE80 49] Android_Mali_G71, [0000020412345C00][0000020412002FC0 49] Android_Mali_G72, [000002041232E400][000002041200B140 49] Android_Mali_G72_Vulkan, [0000020412347600][000002041200F2C0 49] Android_Mali_G76, [000002041232E100][0000020412013440 49] Android_Mali_G76_Vulkan, [0000020412345B00][00000204120175C0 49] Android_Mali_G77, [000002041232CA00][000002041201B740 49] Android_Mali_G77_Vulkan, [0000020412347400][000002041201F8C0 49] Android_Mali_G78, [000002041232D300][0000020412023A40 49] Android_Mali_G78_Vulkan, [0000020412346900][0000020412027BC0 49] Android_Mali_G710, [000002041232FD00][000002041202A1C0 49] Android_Mali_G710_Vulkan, [0000020412345E00][000002041202E340 49] Android_Vulkan_SM5, [000002041232C900][00000204120324C0 49] Android_PowerVR_G6xxx, [0000020412345F00][0000020412036640 49] Android_PowerVR_GT7xxx, [000002041232E700][000002041203A7C0 49] Android_PowerVR_GE8xxx, [0000020412346300][000002041203E940 49] Android_PowerVR_GM9xxx, [000002041232F200][0000020412042AC0 49] Android_PowerVR_GM9xxx_Vulkan, [0000020412347000][0000020412046C40 49] Android_TegraK1, [000002041232D700][0000020412006D80 49] Android_Unknown_Vulkan, [0000020412347700][000002041204AEC0 49] Lumin, [000002041232C200][000002041204F000 49] Lumin_Desktop, [0000020412346200][0000020412053140 49] HoloLens, 
[2024.03.14-07.13.31:579][  0]LogMeshReduction: Using QuadricMeshReduction for automatic static mesh reduction
[2024.03.14-07.13.31:579][  0]LogMeshReduction: Using SimplygonMeshReduction for automatic skeletal mesh reduction
[2024.03.14-07.13.31:579][  0]LogMeshReduction: Using ProxyLODMeshReduction for automatic mesh merging
[2024.03.14-07.13.31:579][  0]LogMeshReduction: No distributed automatic mesh merging module available
[2024.03.14-07.13.31:579][  0]LogMeshMerging: No distributed automatic mesh merging module available
[2024.03.14-07.13.31:601][  0]LogNetVersion: CustomArea 1.0.0, NetCL: 17155196, EngineNetVer: 17, GameNetVer: 0 (Checksum: 1539177134)
[2024.03.14-07.13.32:002][  0]LogTexture: Default maximum texture size for cubemaps generated from long-lat sources has been changed from 512 to unlimited. In order to preserve old behaiour for '/Engine/MapTemplates/Sky/DaylightAmbientCubemap.DaylightAmbientCubemap', its maximum texture size has been explicitly set to 512.
[2024.03.14-07.13.32:056][  0]LogHMD: PokeAHoleMaterial loaded successfully
[2024.03.14-07.13.32:061][  0]LogUObjectArray: 17178 objects as part of root set at end of initial load.
[2024.03.14-07.13.32:061][  0]LogUObjectAllocator: 4302048 out of 0 bytes used by permanent object pool.
[2024.03.14-07.13.32:061][  0]LogUObjectArray: CloseDisregardForGC: 0/0 objects in disregard for GC pool
[2024.03.14-07.13.32:817][  0]LogNiagaraDebuggerClient: Niagara Debugger Client Initialized | Session: B9599D0540439430A79A8C98502979B6 | Instance: 8349A4F4498CF77F329EA2AF1A52937B (KIPSWANG-PC0-16196).
[2024.03.14-07.13.33:119][  0]LogPython: Using Python 3.7.7
[2024.03.14-07.13.33:592][  0]LogTcpMessaging: Initializing TcpMessaging bridge
[2024.03.14-07.13.33:603][  0]LogUdpMessaging: Initializing bridge on interface 0.0.0.0:0 to multicast group 230.0.0.1:6666.
[2024.03.14-07.13.34:116][  0]SourceControl: Source control is disabled
[2024.03.14-07.13.34:116][  0]SourceControl: Source control is disabled
[2024.03.14-07.13.34:126][  0]SourceControl: Source control is disabled
[2024.03.14-07.13.34:166][  0]SourceControl: Source control is disabled
[2024.03.14-07.13.34:215][  0]SourceControl: Source control is disabled
[2024.03.14-07.13.34:285][  0]LogUProjectInfo: Found projects:
[2024.03.14-07.13.34:774][  0]LogOpenImageDenoise: OIDN starting up
[2024.03.14-07.13.34:886][  0]LogAndroidPermission: UAndroidPermissionCallbackProxy::GetInstance
[2024.03.14-07.13.34:949][  0]LogAudioCaptureCore: Display: No Audio Capture implementations found. Audio input will be silent.
[2024.03.14-07.13.34:949][  0]LogAudioCaptureCore: Display: No Audio Capture implementations found. Audio input will be silent.
[2024.03.14-07.13.35:162][  0]LogCollectionManager: Loaded 0 collections in 0.001584 seconds
[2024.03.14-07.13.35:222][  0]LogFileCache: Scanning file cache for directory 'D:/GitHub/UECustomizeInteractionArea/CustomArea/Saved/Collections/' took 0.00s
[2024.03.14-07.13.35:222][  0]LogFileCache: Scanning file cache for directory 'D:/GitHub/UECustomizeInteractionArea/CustomArea/Content/Developers/kipswang/Collections/' took 0.00s
[2024.03.14-07.13.35:222][  0]LogFileCache: Scanning file cache for directory 'D:/GitHub/UECustomizeInteractionArea/CustomArea/Content/Collections/' took 0.00s
[2024.03.14-07.13.35:222][  0]LogOcInput: OculusInput pre-init called
[2024.03.14-07.13.35:474][  0]LogEngine: Initializing Engine...
[2024.03.14-07.13.35:483][  0]LogHMD: Failed to enumerate extensions. Please check that you have a valid OpenXR runtime installed.
[2024.03.14-07.13.35:483][  0]LogHMD: Failed to initialize OpenVR with code 110
[2024.03.14-07.13.35:483][  0]LogMagicLeap: Warning: VR disabled because ZI is not enabled.  To enable, in the editor, Edit -> Project Settings -> Plugins -> Magic Leap Plugin -> Enable Zero Iteration
[2024.03.14-07.13.35:484][  0]LogStats: UGameplayTagsManager::InitializeManager -  0.000 s
[2024.03.14-07.13.35:608][  0]LogInit: Initializing FReadOnlyCVARCache
[2024.03.14-07.13.35:622][  0]LogAIModule: Creating AISystem for world Untitled
[2024.03.14-07.13.35:623][  0]LogAudio: Display: Initializing Audio Device Manager...
[2024.03.14-07.13.35:631][  0]LogAudio: Display: Loading Default Audio Settings Objects...
[2024.03.14-07.13.35:633][  0]LogAudio: Display: No default SoundConcurrencyObject specified (or failed to load).
[2024.03.14-07.13.35:633][  0]LogAudio: Display: Audio Device Manager Initialized
[2024.03.14-07.13.35:633][  0]LogAudio: Display: Creating Audio Device:                 Id: 1, Scope: Shared, Realtime: True
[2024.03.14-07.13.35:633][  0]LogAudioMixer: Display: Audio Mixer Platform Settings:
[2024.03.14-07.13.35:633][  0]LogAudioMixer: Display: 	Sample Rate:						  48000
[2024.03.14-07.13.35:633][  0]LogAudioMixer: Display: 	Callback Buffer Frame Size Requested: 1024
[2024.03.14-07.13.35:633][  0]LogAudioMixer: Display: 	Callback Buffer Frame Size To Use:	  1024
[2024.03.14-07.13.35:633][  0]LogAudioMixer: Display: 	Number of buffers to queue:			  2
[2024.03.14-07.13.35:633][  0]LogAudioMixer: Display: 	Max Channels (voices):				  32
[2024.03.14-07.13.35:633][  0]LogAudioMixer: Display: 	Number of Async Source Workers:		  0
[2024.03.14-07.13.35:633][  0]LogAudio: Display: AudioDevice MaxSources: 32
[2024.03.14-07.13.35:633][  0]LogAudio: Display: Audio Spatialization Plugin: None (built-in).
[2024.03.14-07.13.35:633][  0]LogAudio: Display: Audio Reverb Plugin: None (built-in).
[2024.03.14-07.13.35:633][  0]LogAudio: Display: Audio Occlusion Plugin: None (built-in).
[2024.03.14-07.13.35:633][  0]LogAudioMixer: Display: Initializing audio mixer.
[2024.03.14-07.13.35:672][  0]LogAudioMixer: Display: 0: FrontLeft
[2024.03.14-07.13.35:672][  0]LogAudioMixer: Display: 1: FrontRight
[2024.03.14-07.13.35:726][  0]LogAudioMixer: Display: Using Audio Device 耳机 (Realtek(R) Audio)
[2024.03.14-07.13.35:727][  0]LogAudioMixer: Display: Initializing Sound Submixes...
[2024.03.14-07.13.35:732][  0]LogAudioMixer: Display: Creating Master Submix 'MasterSubmixDefault'
[2024.03.14-07.13.35:732][  0]LogAudioMixer: Display: Creating Master Submix 'MasterReverbSubmixDefault'
[2024.03.14-07.13.35:733][  0]LogAudioMixer: Display: Creating Master Submix 'MasterEQSubmixDefault'
[2024.03.14-07.13.35:733][  0]LogAudioMixer: FMixerPlatformXAudio2::StartAudioStream() called
[2024.03.14-07.13.35:733][  0]LogAudioMixer: Display: Output buffers initialized: Frames=1024, Channels=2, Samples=2048
[2024.03.14-07.13.35:733][  0]LogAudioMixer: Display: Starting AudioMixerPlatformInterface::RunInternal()
[2024.03.14-07.13.35:733][  0]LogAudioMixer: Display: FMixerPlatformXAudio2::SubmitBuffer() called for the first time
[2024.03.14-07.13.35:733][  0]LogInit: FAudioDevice initialized.
[2024.03.14-07.13.35:734][  0]LogAudio: Display: Audio Device (ID: 1) registered with world 'Untitled'.
[2024.03.14-07.13.35:734][  0]LogNetVersion: Set ProjectVersion to 1.0.0.0. Version Checksum will be recalculated on next use.
[2024.03.14-07.13.35:780][  0]LogDerivedDataCache: Saved boot cache 0.05s 94MB C:/Users/kipswang/AppData/Local/UnrealEngine/4.27/DerivedDataCache/Boot.ddc.
[2024.03.14-07.13.35:780][  0]LogInit: Texture streaming: Enabled
[2024.03.14-07.13.35:804][  0]LogAnalytics: Display: [UEEditor.Rocket.Release] APIServer = https://datarouter.ol.epicgames.com/. AppVersion = 4.27.2-18319896+++UE4+Release-4.27
[2024.03.14-07.13.35:812][  0]LogEngineSessionManager: EngineSessionManager initialized
[2024.03.14-07.13.35:812][  0]LogEditorSessionSummary: Verbose: Initializing EditorSessionSummaryWriter for editor session tracking
[2024.03.14-07.13.35:818][  0]LogEditorSessionSummary: EditorSessionSummaryWriter initialized
[2024.03.14-07.13.35:860][  0]LogInit: Transaction tracking system initialized
[2024.03.14-07.13.35:919][  0]BlueprintLog: New page: Editor Load
[2024.03.14-07.13.36:113][  0]LocalizationService: Localization service is disabled
[2024.03.14-07.13.36:218][  0]TimingProfiler: Initialize
[2024.03.14-07.13.36:218][  0]TimingProfiler: OnSessionChanged
[2024.03.14-07.13.36:218][  0]LoadingProfiler: Initialize
[2024.03.14-07.13.36:218][  0]LoadingProfiler: OnSessionChanged
[2024.03.14-07.13.36:218][  0]NetworkingProfiler: Initialize
[2024.03.14-07.13.36:218][  0]NetworkingProfiler: OnSessionChanged
[2024.03.14-07.13.36:218][  0]MemoryProfiler: Initialize
[2024.03.14-07.13.36:218][  0]MemoryProfiler: OnSessionChanged
[2024.03.14-07.13.36:467][  0]LogCook: Display: CookSettings for Memory: MemoryMaxUsedVirtual 0MiB, MemoryMaxUsedPhysical 16384MiB, MemoryMinFreeVirtual 0MiB, MemoryMinFreePhysical 1024MiB
[2024.03.14-07.13.36:467][  0]LogCook: Display: Mobile HDR setting 1
[2024.03.14-07.13.36:898][  0]LogFileCache: Scanning file cache for directory 'D:/GitHub/UECustomizeInteractionArea/CustomArea/Content/' took 0.00s
[2024.03.14-07.13.37:072][  0]LogInit: Display: Engine is initialized. Leaving FEngineLoop::Init()
[2024.03.14-07.13.37:076][  0]SourceControl: Source control is disabled
[2024.03.14-07.13.37:076][  0]LogUnrealEdMisc: Loading editor; pre map load, took 13.224
[2024.03.14-07.13.37:076][  0]Cmd: MAP LOAD FILE="../../../Engine/Content/Maps/Templates/Template_Default.umap" TEMPLATE=1 SHOWPROGRESS=1 FEATURELEVEL=3
[2024.03.14-07.13.37:077][  0]LightingResults: New page: Lighting Build
[2024.03.14-07.13.37:078][  0]LogWorld: UWorld::CleanupWorld for Untitled, bSessionEnded=true, bCleanupResources=true
[2024.03.14-07.13.37:078][  0]LogSlate: InvalidateAllWidgets triggered.  All widgets were invalidated
[2024.03.14-07.13.37:079][  0]MapCheck: New page: Map Check
[2024.03.14-07.13.37:079][  0]LightingResults: New page: Lighting Build
[2024.03.14-07.13.37:093][  0]LogAudio: Display: Audio Device unregistered from world 'None'.
[2024.03.14-07.13.37:095][  0]LogUObjectHash: Compacting FUObjectHashTables data took   0.67ms
[2024.03.14-07.13.37:152][  0]LogTexture: Display: Building textures: DeprecatedTextureEB9CBE3C423008B5E8E130901E171C89 (BGRA8, 128X128)
[2024.03.14-07.13.37:160][  0]LogAudio: Display: Audio Device (ID: 1) registered with world 'Untitled_1'.
[2024.03.14-07.13.37:162][  0]LogAIModule: Creating AISystem for world Untitled_1
[2024.03.14-07.13.37:166][  0]LogEditorServer: Finished looking for orphan Actors (0.000 secs)
[2024.03.14-07.13.37:172][  0]LogUObjectHash: Compacting FUObjectHashTables data took   0.71ms
[2024.03.14-07.13.37:172][  0]Cmd: MAP CHECKDEP NOCLEARLOG
[2024.03.14-07.13.37:173][  0]MapCheck: Map check complete: 0 Error(s), 0 Warning(s), took 0.085ms to complete.
[2024.03.14-07.13.37:173][  0]LogFileHelpers: Loading map 'Template_Default' took 0.096
[2024.03.14-07.13.37:174][  0]LogUnrealEdMisc: Total Editor Startup Time, took 13.323
[2024.03.14-07.13.37:338][  0]LogSlate: Updating window title bar state: overlay mode, drag disabled, window buttons hidden, title bar hidden
[2024.03.14-07.13.37:344][  0]LogSlate: Updating window title bar state: overlay mode, drag disabled, window buttons hidden, title bar hidden
[2024.03.14-07.13.37:350][  0]LogSlate: Updating window title bar state: overlay mode, drag disabled, window buttons hidden, title bar hidden
[2024.03.14-07.13.37:355][  0]LogSlate: Updating window title bar state: overlay mode, drag disabled, window buttons hidden, title bar hidden
[2024.03.14-07.13.37:369][  0]LogNativeClassHierarchy: Verbose: Native class hierarchy populated in 0.0077 seconds. Added 3824 classes and 930 folders.
[2024.03.14-07.13.37:371][  0]LogNativeClassHierarchy: Verbose: Native class hierarchy updated for 'WidgetCarousel' in 0.0002 seconds. Added 0 classes and 0 folders.
[2024.03.14-07.13.37:373][  0]LogPakFile: PakFile PrimaryIndexSize=187
[2024.03.14-07.13.37:373][  0]LogPakFile: PakFile PathHashIndexSize=101
[2024.03.14-07.13.37:373][  0]LogPakFile: PakFile FullDirectoryIndexSize=148
[2024.03.14-07.13.37:373][  0]LogShaderLibrary: Display: ShaderCodeLibraryPakFileMountedCallback: PakFile 'C:/Program Files/Epic Games/UE_4.27/FeaturePacks/FP_FirstPerson.upack' (chunk index -1, root 'root:/') mounted
[2024.03.14-07.13.37:373][  0]LogShaderLibrary: Display: ShaderCodeLibraryPakFileMountedCallback: pending pak file info (ChunkID:-1 Root:root:/ File:C:/Program Files/Epic Games/UE_4.27/FeaturePacks/FP_FirstPerson.upack)
[2024.03.14-07.13.37:373][  0]LogPakFile: OnPakFileMounted2Time == 0.000054
[2024.03.14-07.13.37:374][  0]LogPakFile: PakFile PrimaryIndexSize=189
[2024.03.14-07.13.37:374][  0]LogPakFile: PakFile PathHashIndexSize=101
[2024.03.14-07.13.37:374][  0]LogPakFile: PakFile FullDirectoryIndexSize=152
[2024.03.14-07.13.37:374][  0]LogShaderLibrary: Display: ShaderCodeLibraryPakFileMountedCallback: PakFile 'C:/Program Files/Epic Games/UE_4.27/FeaturePacks/FP_FirstPersonBP.upack' (chunk index -1, root 'root:/') mounted
[2024.03.14-07.13.37:374][  0]LogShaderLibrary: Display: ShaderCodeLibraryPakFileMountedCallback: pending pak file info (ChunkID:-1 Root:root:/ File:C:/Program Files/Epic Games/UE_4.27/FeaturePacks/FP_FirstPersonBP.upack)
[2024.03.14-07.13.37:374][  0]LogPakFile: OnPakFileMounted2Time == 0.000038
[2024.03.14-07.13.37:376][  0]LogPakFile: PakFile PrimaryIndexSize=191
[2024.03.14-07.13.37:376][  0]LogPakFile: PakFile PathHashIndexSize=101
[2024.03.14-07.13.37:376][  0]LogPakFile: PakFile FullDirectoryIndexSize=160
[2024.03.14-07.13.37:376][  0]LogShaderLibrary: Display: ShaderCodeLibraryPakFileMountedCallback: PakFile 'C:/Program Files/Epic Games/UE_4.27/FeaturePacks/MobileStarterContent.upack' (chunk index -1, root 'root:/') mounted
[2024.03.14-07.13.37:376][  0]LogShaderLibrary: Display: ShaderCodeLibraryPakFileMountedCallback: pending pak file info (ChunkID:-1 Root:root:/ File:C:/Program Files/Epic Games/UE_4.27/FeaturePacks/MobileStarterContent.upack)
[2024.03.14-07.13.37:376][  0]LogPakFile: OnPakFileMounted2Time == 0.000033
[2024.03.14-07.13.37:377][  0]LogPakFile: PakFile PrimaryIndexSize=185
[2024.03.14-07.13.37:377][  0]LogPakFile: PakFile PathHashIndexSize=101
[2024.03.14-07.13.37:377][  0]LogPakFile: PakFile FullDirectoryIndexSize=148
[2024.03.14-07.13.37:377][  0]LogShaderLibrary: Display: ShaderCodeLibraryPakFileMountedCallback: PakFile 'C:/Program Files/Epic Games/UE_4.27/FeaturePacks/StarterContent.upack' (chunk index -1, root 'root:/') mounted
[2024.03.14-07.13.37:377][  0]LogShaderLibrary: Display: ShaderCodeLibraryPakFileMountedCallback: pending pak file info (ChunkID:-1 Root:root:/ File:C:/Program Files/Epic Games/UE_4.27/FeaturePacks/StarterContent.upack)
[2024.03.14-07.13.37:377][  0]LogPakFile: OnPakFileMounted2Time == 0.000035
[2024.03.14-07.13.37:378][  0]LogPakFile: PakFile PrimaryIndexSize=190
[2024.03.14-07.13.37:378][  0]LogPakFile: PakFile PathHashIndexSize=101
[2024.03.14-07.13.37:378][  0]LogPakFile: PakFile FullDirectoryIndexSize=154
[2024.03.14-07.13.37:378][  0]LogShaderLibrary: Display: ShaderCodeLibraryPakFileMountedCallback: PakFile 'C:/Program Files/Epic Games/UE_4.27/FeaturePacks/TP_2DSideScroller.upack' (chunk index -1, root 'root:/') mounted
[2024.03.14-07.13.37:378][  0]LogShaderLibrary: Display: ShaderCodeLibraryPakFileMountedCallback: pending pak file info (ChunkID:-1 Root:root:/ File:C:/Program Files/Epic Games/UE_4.27/FeaturePacks/TP_2DSideScroller.upack)
[2024.03.14-07.13.37:378][  0]LogPakFile: OnPakFileMounted2Time == 0.000032
[2024.03.14-07.13.37:379][  0]LogPakFile: PakFile PrimaryIndexSize=192
[2024.03.14-07.13.37:379][  0]LogPakFile: PakFile PathHashIndexSize=101
[2024.03.14-07.13.37:379][  0]LogPakFile: PakFile FullDirectoryIndexSize=158
[2024.03.14-07.13.37:379][  0]LogShaderLibrary: Display: ShaderCodeLibraryPakFileMountedCallback: PakFile 'C:/Program Files/Epic Games/UE_4.27/FeaturePacks/TP_2DSideScrollerBP.upack' (chunk index -1, root 'root:/') mounted
[2024.03.14-07.13.37:379][  0]LogShaderLibrary: Display: ShaderCodeLibraryPakFileMountedCallback: pending pak file info (ChunkID:-1 Root:root:/ File:C:/Program Files/Epic Games/UE_4.27/FeaturePacks/TP_2DSideScrollerBP.upack)
[2024.03.14-07.13.37:379][  0]LogPakFile: OnPakFileMounted2Time == 0.000029
[2024.03.14-07.13.37:380][  0]LogPakFile: PakFile PrimaryIndexSize=182
[2024.03.14-07.13.37:380][  0]LogPakFile: PakFile PathHashIndexSize=101
[2024.03.14-07.13.37:380][  0]LogPakFile: PakFile FullDirectoryIndexSize=138
[2024.03.14-07.13.37:380][  0]LogShaderLibrary: Display: ShaderCodeLibraryPakFileMountedCallback: PakFile 'C:/Program Files/Epic Games/UE_4.27/FeaturePacks/TP_Flying.upack' (chunk index -1, root 'root:/') mounted
[2024.03.14-07.13.37:380][  0]LogShaderLibrary: Display: ShaderCodeLibraryPakFileMountedCallback: pending pak file info (ChunkID:-1 Root:root:/ File:C:/Program Files/Epic Games/UE_4.27/FeaturePacks/TP_Flying.upack)
[2024.03.14-07.13.37:380][  0]LogPakFile: OnPakFileMounted2Time == 0.000030
[2024.03.14-07.13.37:382][  0]LogPakFile: PakFile PrimaryIndexSize=184
[2024.03.14-07.13.37:382][  0]LogPakFile: PakFile PathHashIndexSize=101
[2024.03.14-07.13.37:382][  0]LogPakFile: PakFile FullDirectoryIndexSize=142
[2024.03.14-07.13.37:382][  0]LogShaderLibrary: Display: ShaderCodeLibraryPakFileMountedCallback: PakFile 'C:/Program Files/Epic Games/UE_4.27/FeaturePacks/TP_FlyingBP.upack' (chunk index -1, root 'root:/') mounted
[2024.03.14-07.13.37:382][  0]LogShaderLibrary: Display: ShaderCodeLibraryPakFileMountedCallback: pending pak file info (ChunkID:-1 Root:root:/ File:C:/Program Files/Epic Games/UE_4.27/FeaturePacks/TP_FlyingBP.upack)
[2024.03.14-07.13.37:382][  0]LogPakFile: OnPakFileMounted2Time == 0.000034
[2024.03.14-07.13.37:383][  0]LogPakFile: PakFile PrimaryIndexSize=188
[2024.03.14-07.13.37:383][  0]LogPakFile: PakFile PathHashIndexSize=101
[2024.03.14-07.13.37:383][  0]LogPakFile: PakFile FullDirectoryIndexSize=150
[2024.03.14-07.13.37:383][  0]LogShaderLibrary: Display: ShaderCodeLibraryPakFileMountedCallback: PakFile 'C:/Program Files/Epic Games/UE_4.27/FeaturePacks/TP_HandheldARBP.upack' (chunk index -1, root 'root:/') mounted
[2024.03.14-07.13.37:383][  0]LogShaderLibrary: Display: ShaderCodeLibraryPakFileMountedCallback: pending pak file info (ChunkID:-1 Root:root:/ File:C:/Program Files/Epic Games/UE_4.27/FeaturePacks/TP_HandheldARBP.upack)
[2024.03.14-07.13.37:383][  0]LogPakFile: OnPakFileMounted2Time == 0.000029
[2024.03.14-07.13.37:385][  0]LogPakFile: PakFile PrimaryIndexSize=182
[2024.03.14-07.13.37:385][  0]LogPakFile: PakFile PathHashIndexSize=101
[2024.03.14-07.13.37:385][  0]LogPakFile: PakFile FullDirectoryIndexSize=138
[2024.03.14-07.13.37:385][  0]LogShaderLibrary: Display: ShaderCodeLibraryPakFileMountedCallback: PakFile 'C:/Program Files/Epic Games/UE_4.27/FeaturePacks/TP_Puzzle.upack' (chunk index -1, root 'root:/') mounted
[2024.03.14-07.13.37:385][  0]LogShaderLibrary: Display: ShaderCodeLibraryPakFileMountedCallback: pending pak file info (ChunkID:-1 Root:root:/ File:C:/Program Files/Epic Games/UE_4.27/FeaturePacks/TP_Puzzle.upack)
[2024.03.14-07.13.37:385][  0]LogPakFile: OnPakFileMounted2Time == 0.000031
[2024.03.14-07.13.37:386][  0]LogPakFile: PakFile PrimaryIndexSize=184
[2024.03.14-07.13.37:386][  0]LogPakFile: PakFile PathHashIndexSize=101
[2024.03.14-07.13.37:386][  0]LogPakFile: PakFile FullDirectoryIndexSize=142
[2024.03.14-07.13.37:386][  0]LogShaderLibrary: Display: ShaderCodeLibraryPakFileMountedCallback: PakFile 'C:/Program Files/Epic Games/UE_4.27/FeaturePacks/TP_PuzzleBP.upack' (chunk index -1, root 'root:/') mounted
[2024.03.14-07.13.37:386][  0]LogShaderLibrary: Display: ShaderCodeLibraryPakFileMountedCallback: pending pak file info (ChunkID:-1 Root:root:/ File:C:/Program Files/Epic Games/UE_4.27/FeaturePacks/TP_PuzzleBP.upack)
[2024.03.14-07.13.37:386][  0]LogPakFile: OnPakFileMounted2Time == 0.000029
[2024.03.14-07.13.37:387][  0]LogPakFile: PakFile PrimaryIndexSize=183
[2024.03.14-07.13.37:387][  0]LogPakFile: PakFile PathHashIndexSize=101
[2024.03.14-07.13.37:387][  0]LogPakFile: PakFile FullDirectoryIndexSize=140
[2024.03.14-07.13.37:387][  0]LogShaderLibrary: Display: ShaderCodeLibraryPakFileMountedCallback: PakFile 'C:/Program Files/Epic Games/UE_4.27/FeaturePacks/TP_Rolling.upack' (chunk index -1, root 'root:/') mounted
[2024.03.14-07.13.37:387][  0]LogShaderLibrary: Display: ShaderCodeLibraryPakFileMountedCallback: pending pak file info (ChunkID:-1 Root:root:/ File:C:/Program Files/Epic Games/UE_4.27/FeaturePacks/TP_Rolling.upack)
[2024.03.14-07.13.37:387][  0]LogPakFile: OnPakFileMounted2Time == 0.000029
[2024.03.14-07.13.37:389][  0]LogPakFile: PakFile PrimaryIndexSize=185
[2024.03.14-07.13.37:389][  0]LogPakFile: PakFile PathHashIndexSize=101
[2024.03.14-07.13.37:389][  0]LogPakFile: PakFile FullDirectoryIndexSize=144
[2024.03.14-07.13.37:389][  0]LogShaderLibrary: Display: ShaderCodeLibraryPakFileMountedCallback: PakFile 'C:/Program Files/Epic Games/UE_4.27/FeaturePacks/TP_RollingBP.upack' (chunk index -1, root 'root:/') mounted
[2024.03.14-07.13.37:389][  0]LogShaderLibrary: Display: ShaderCodeLibraryPakFileMountedCallback: pending pak file info (ChunkID:-1 Root:root:/ File:C:/Program Files/Epic Games/UE_4.27/FeaturePacks/TP_RollingBP.upack)
[2024.03.14-07.13.37:389][  0]LogPakFile: OnPakFileMounted2Time == 0.000029
[2024.03.14-07.13.37:390][  0]LogPakFile: PakFile PrimaryIndexSize=188
[2024.03.14-07.13.37:390][  0]LogPakFile: PakFile PathHashIndexSize=101
[2024.03.14-07.13.37:390][  0]LogPakFile: PakFile FullDirectoryIndexSize=150
[2024.03.14-07.13.37:390][  0]LogShaderLibrary: Display: ShaderCodeLibraryPakFileMountedCallback: PakFile 'C:/Program Files/Epic Games/UE_4.27/FeaturePacks/TP_SideScroller.upack' (chunk index -1, root 'root:/') mounted
[2024.03.14-07.13.37:390][  0]LogShaderLibrary: Display: ShaderCodeLibraryPakFileMountedCallback: pending pak file info (ChunkID:-1 Root:root:/ File:C:/Program Files/Epic Games/UE_4.27/FeaturePacks/TP_SideScroller.upack)
[2024.03.14-07.13.37:390][  0]LogPakFile: OnPakFileMounted2Time == 0.000036
[2024.03.14-07.13.37:392][  0]LogPakFile: PakFile PrimaryIndexSize=190
[2024.03.14-07.13.37:392][  0]LogPakFile: PakFile PathHashIndexSize=101
[2024.03.14-07.13.37:392][  0]LogPakFile: PakFile FullDirectoryIndexSize=154
[2024.03.14-07.13.37:392][  0]LogShaderLibrary: Display: ShaderCodeLibraryPakFileMountedCallback: PakFile 'C:/Program Files/Epic Games/UE_4.27/FeaturePacks/TP_SideScrollerBP.upack' (chunk index -1, root 'root:/') mounted
[2024.03.14-07.13.37:392][  0]LogShaderLibrary: Display: ShaderCodeLibraryPakFileMountedCallback: pending pak file info (ChunkID:-1 Root:root:/ File:C:/Program Files/Epic Games/UE_4.27/FeaturePacks/TP_SideScrollerBP.upack)
[2024.03.14-07.13.37:392][  0]LogPakFile: OnPakFileMounted2Time == 0.000037
[2024.03.14-07.13.37:393][  0]LogPakFile: PakFile PrimaryIndexSize=187
[2024.03.14-07.13.37:393][  0]LogPakFile: PakFile PathHashIndexSize=101
[2024.03.14-07.13.37:393][  0]LogPakFile: PakFile FullDirectoryIndexSize=148
[2024.03.14-07.13.37:393][  0]LogShaderLibrary: Display: ShaderCodeLibraryPakFileMountedCallback: PakFile 'C:/Program Files/Epic Games/UE_4.27/FeaturePacks/TP_ThirdPerson.upack' (chunk index -1, root 'root:/') mounted
[2024.03.14-07.13.37:393][  0]LogShaderLibrary: Display: ShaderCodeLibraryPakFileMountedCallback: pending pak file info (ChunkID:-1 Root:root:/ File:C:/Program Files/Epic Games/UE_4.27/FeaturePacks/TP_ThirdPerson.upack)
[2024.03.14-07.13.37:393][  0]LogPakFile: OnPakFileMounted2Time == 0.000035
[2024.03.14-07.13.37:394][  0]LogPakFile: PakFile PrimaryIndexSize=189
[2024.03.14-07.13.37:394][  0]LogPakFile: PakFile PathHashIndexSize=101
[2024.03.14-07.13.37:394][  0]LogPakFile: PakFile FullDirectoryIndexSize=152
[2024.03.14-07.13.37:395][  0]LogShaderLibrary: Display: ShaderCodeLibraryPakFileMountedCallback: PakFile 'C:/Program Files/Epic Games/UE_4.27/FeaturePacks/TP_ThirdPersonBP.upack' (chunk index -1, root 'root:/') mounted
[2024.03.14-07.13.37:395][  0]LogShaderLibrary: Display: ShaderCodeLibraryPakFileMountedCallback: pending pak file info (ChunkID:-1 Root:root:/ File:C:/Program Files/Epic Games/UE_4.27/FeaturePacks/TP_ThirdPersonBP.upack)
[2024.03.14-07.13.37:395][  0]LogPakFile: OnPakFileMounted2Time == 0.000040
[2024.03.14-07.13.37:396][  0]LogPakFile: PakFile PrimaryIndexSize=183
[2024.03.14-07.13.37:396][  0]LogPakFile: PakFile PathHashIndexSize=101
[2024.03.14-07.13.37:396][  0]LogPakFile: PakFile FullDirectoryIndexSize=140
[2024.03.14-07.13.37:396][  0]LogShaderLibrary: Display: ShaderCodeLibraryPakFileMountedCallback: PakFile 'C:/Program Files/Epic Games/UE_4.27/FeaturePacks/TP_TopDown.upack' (chunk index -1, root 'root:/') mounted
[2024.03.14-07.13.37:396][  0]LogShaderLibrary: Display: ShaderCodeLibraryPakFileMountedCallback: pending pak file info (ChunkID:-1 Root:root:/ File:C:/Program Files/Epic Games/UE_4.27/FeaturePacks/TP_TopDown.upack)
[2024.03.14-07.13.37:396][  0]LogPakFile: OnPakFileMounted2Time == 0.000038
[2024.03.14-07.13.37:397][  0]LogPakFile: PakFile PrimaryIndexSize=185
[2024.03.14-07.13.37:397][  0]LogPakFile: PakFile PathHashIndexSize=101
[2024.03.14-07.13.37:397][  0]LogPakFile: PakFile FullDirectoryIndexSize=144
[2024.03.14-07.13.37:397][  0]LogShaderLibrary: Display: ShaderCodeLibraryPakFileMountedCallback: PakFile 'C:/Program Files/Epic Games/UE_4.27/FeaturePacks/TP_TopDownBP.upack' (chunk index -1, root 'root:/') mounted
[2024.03.14-07.13.37:397][  0]LogShaderLibrary: Display: ShaderCodeLibraryPakFileMountedCallback: pending pak file info (ChunkID:-1 Root:root:/ File:C:/Program Files/Epic Games/UE_4.27/FeaturePacks/TP_TopDownBP.upack)
[2024.03.14-07.13.37:397][  0]LogPakFile: OnPakFileMounted2Time == 0.000029
[2024.03.14-07.13.37:398][  0]LogPakFile: PakFile PrimaryIndexSize=185
[2024.03.14-07.13.37:398][  0]LogPakFile: PakFile PathHashIndexSize=101
[2024.03.14-07.13.37:398][  0]LogPakFile: PakFile FullDirectoryIndexSize=144
[2024.03.14-07.13.37:398][  0]LogShaderLibrary: Display: ShaderCodeLibraryPakFileMountedCallback: PakFile 'C:/Program Files/Epic Games/UE_4.27/FeaturePacks/TP_TwinStick.upack' (chunk index -1, root 'root:/') mounted
[2024.03.14-07.13.37:398][  0]LogShaderLibrary: Display: ShaderCodeLibraryPakFileMountedCallback: pending pak file info (ChunkID:-1 Root:root:/ File:C:/Program Files/Epic Games/UE_4.27/FeaturePacks/TP_TwinStick.upack)
[2024.03.14-07.13.37:398][  0]LogPakFile: OnPakFileMounted2Time == 0.000036
[2024.03.14-07.13.37:399][  0]LogPakFile: PakFile PrimaryIndexSize=187
[2024.03.14-07.13.37:399][  0]LogPakFile: PakFile PathHashIndexSize=101
[2024.03.14-07.13.37:399][  0]LogPakFile: PakFile FullDirectoryIndexSize=148
[2024.03.14-07.13.37:399][  0]LogShaderLibrary: Display: ShaderCodeLibraryPakFileMountedCallback: PakFile 'C:/Program Files/Epic Games/UE_4.27/FeaturePacks/TP_TwinStickBP.upack' (chunk index -1, root 'root:/') mounted
[2024.03.14-07.13.37:399][  0]LogShaderLibrary: Display: ShaderCodeLibraryPakFileMountedCallback: pending pak file info (ChunkID:-1 Root:root:/ File:C:/Program Files/Epic Games/UE_4.27/FeaturePacks/TP_TwinStickBP.upack)
[2024.03.14-07.13.37:399][  0]LogPakFile: OnPakFileMounted2Time == 0.000029
[2024.03.14-07.13.37:400][  0]LogPakFile: PakFile PrimaryIndexSize=183
[2024.03.14-07.13.37:400][  0]LogPakFile: PakFile PathHashIndexSize=101
[2024.03.14-07.13.37:400][  0]LogPakFile: PakFile FullDirectoryIndexSize=140
[2024.03.14-07.13.37:400][  0]LogShaderLibrary: Display: ShaderCodeLibraryPakFileMountedCallback: PakFile 'C:/Program Files/Epic Games/UE_4.27/FeaturePacks/TP_Vehicle.upack' (chunk index -1, root 'root:/') mounted
[2024.03.14-07.13.37:400][  0]LogShaderLibrary: Display: ShaderCodeLibraryPakFileMountedCallback: pending pak file info (ChunkID:-1 Root:root:/ File:C:/Program Files/Epic Games/UE_4.27/FeaturePacks/TP_Vehicle.upack)
[2024.03.14-07.13.37:400][  0]LogPakFile: OnPakFileMounted2Time == 0.000032
[2024.03.14-07.13.37:401][  0]LogPakFile: PakFile PrimaryIndexSize=186
[2024.03.14-07.13.37:401][  0]LogPakFile: PakFile PathHashIndexSize=101
[2024.03.14-07.13.37:401][  0]LogPakFile: PakFile FullDirectoryIndexSize=146
[2024.03.14-07.13.37:401][  0]LogShaderLibrary: Display: ShaderCodeLibraryPakFileMountedCallback: PakFile 'C:/Program Files/Epic Games/UE_4.27/FeaturePacks/TP_VehicleAdv.upack' (chunk index -1, root 'root:/') mounted
[2024.03.14-07.13.37:402][  0]LogShaderLibrary: Display: ShaderCodeLibraryPakFileMountedCallback: pending pak file info (ChunkID:-1 Root:root:/ File:C:/Program Files/Epic Games/UE_4.27/FeaturePacks/TP_VehicleAdv.upack)
[2024.03.14-07.13.37:402][  0]LogPakFile: OnPakFileMounted2Time == 0.000030
[2024.03.14-07.13.37:403][  0]LogPakFile: PakFile PrimaryIndexSize=188
[2024.03.14-07.13.37:403][  0]LogPakFile: PakFile PathHashIndexSize=101
[2024.03.14-07.13.37:403][  0]LogPakFile: PakFile FullDirectoryIndexSize=150
[2024.03.14-07.13.37:403][  0]LogShaderLibrary: Display: ShaderCodeLibraryPakFileMountedCallback: PakFile 'C:/Program Files/Epic Games/UE_4.27/FeaturePacks/TP_VehicleAdvBP.upack' (chunk index -1, root 'root:/') mounted
[2024.03.14-07.13.37:403][  0]LogShaderLibrary: Display: ShaderCodeLibraryPakFileMountedCallback: pending pak file info (ChunkID:-1 Root:root:/ File:C:/Program Files/Epic Games/UE_4.27/FeaturePacks/TP_VehicleAdvBP.upack)
[2024.03.14-07.13.37:403][  0]LogPakFile: OnPakFileMounted2Time == 0.000035
[2024.03.14-07.13.37:404][  0]LogPakFile: PakFile PrimaryIndexSize=185
[2024.03.14-07.13.37:404][  0]LogPakFile: PakFile PathHashIndexSize=101
[2024.03.14-07.13.37:404][  0]LogPakFile: PakFile FullDirectoryIndexSize=144
[2024.03.14-07.13.37:404][  0]LogShaderLibrary: Display: ShaderCodeLibraryPakFileMountedCallback: PakFile 'C:/Program Files/Epic Games/UE_4.27/FeaturePacks/TP_VehicleBP.upack' (chunk index -1, root 'root:/') mounted
[2024.03.14-07.13.37:404][  0]LogShaderLibrary: Display: ShaderCodeLibraryPakFileMountedCallback: pending pak file info (ChunkID:-1 Root:root:/ File:C:/Program Files/Epic Games/UE_4.27/FeaturePacks/TP_VehicleBP.upack)
[2024.03.14-07.13.37:404][  0]LogPakFile: OnPakFileMounted2Time == 0.000029
[2024.03.14-07.13.37:406][  0]LogPakFile: PakFile PrimaryIndexSize=192
[2024.03.14-07.13.37:406][  0]LogPakFile: PakFile PathHashIndexSize=101
[2024.03.14-07.13.37:406][  0]LogPakFile: PakFile FullDirectoryIndexSize=158
[2024.03.14-07.13.37:406][  0]LogShaderLibrary: Display: ShaderCodeLibraryPakFileMountedCallback: PakFile 'C:/Program Files/Epic Games/UE_4.27/FeaturePacks/TP_VirtualRealityBP.upack' (chunk index -1, root 'root:/') mounted
[2024.03.14-07.13.37:406][  0]LogShaderLibrary: Display: ShaderCodeLibraryPakFileMountedCallback: pending pak file info (ChunkID:-1 Root:root:/ File:C:/Program Files/Epic Games/UE_4.27/FeaturePacks/TP_VirtualRealityBP.upack)
[2024.03.14-07.13.37:406][  0]LogPakFile: OnPakFileMounted2Time == 0.000034
[2024.03.14-07.13.37:504][  0]LogNativeClassHierarchy: Verbose: Native class hierarchy updated for 'AddContentDialog' in 0.0002 seconds. Added 0 classes and 0 folders.
[2024.03.14-07.13.37:509][  0]LogNativeClassHierarchy: Verbose: Native class hierarchy updated for 'SceneOutliner' in 0.0003 seconds. Added 2 classes and 0 folders.
[2024.03.14-07.13.37:586][  0]LogNativeClassHierarchy: Verbose: Native class hierarchy updated for 'HierarchicalLODOutliner' in 0.0002 seconds. Added 0 classes and 0 folders.
[2024.03.14-07.13.37:586][  0]LogLoad: (Engine Initialization) Total time: 13.73 seconds
[2024.03.14-07.13.37:586][  0]LogLoad: (Engine Initialization) Total Blueprint compile time: 0.00 seconds
[2024.03.14-07.13.37:626][  0]LogAssetRegistry: Asset discovery search completed in 6.5580 seconds
[2024.03.14-07.13.37:634][  0]LogCollectionManager: Fixed up redirectors for 0 collections in 0.000003 seconds (updated 0 objects)
[2024.03.14-07.13.37:634][  0]LogContentStreaming: Texture pool size now 1000 MB
[2024.03.14-07.13.37:639][  0]LogSlate: Took 0.000627 seconds to synchronously load lazily loaded font '../../../Engine/Content/Slate/Fonts/Roboto-Regular.ttf' (155K)
[2024.03.14-07.13.37:640][  0]LogSlate: Took 0.000411 seconds to synchronously load lazily loaded font '../../../Engine/Content/Editor/Slate/Fonts/FontAwesome.ttf' (139K)
[2024.03.14-07.13.37:642][  0]LogSlate: Took 0.000535 seconds to synchronously load lazily loaded font '../../../Engine/Content/Slate/Fonts/Roboto-Bold.ttf' (160K)
[2024.03.14-07.13.37:806][  1]LogRenderer: Reallocating scene render targets to support 804x348 Format 10 NumSamples 1 (Frame:1).
[2024.03.14-07.13.38:948][  4]LogSlate: Took 0.001801 seconds to synchronously load lazily loaded font '../../../Engine/Content/Slate/Fonts/Roboto-Light.ttf' (167K)
[2024.03.14-07.13.44:771][ 65]LogRenderer: Reallocating scene render targets to support 1616x776 Format 10 NumSamples 1 (Frame:48).
[2024.03.14-07.13.50:460][388]LogUObjectHash: Compacting FUObjectHashTables data took   0.81ms
[2024.03.14-07.13.50:510][388]LogAssetEditorSubsystem: Opening Asset editor for World /Game/Content/NewMap.NewMap
[2024.03.14-07.13.50:510][388]Cmd: MAP LOAD FILE="D:/GitHub/UECustomizeInteractionArea/CustomArea/Content/Content/NewMap.umap" TEMPLATE=0 SHOWPROGRESS=1 FEATURELEVEL=3
[2024.03.14-07.13.50:510][388]LightingResults: New page: Lighting Build
[2024.03.14-07.13.50:511][388]LoadErrors: New page: Loading map: NewMap.umap
[2024.03.14-07.13.50:539][388]LogWorld: UWorld::CleanupWorld for Untitled_1, bSessionEnded=true, bCleanupResources=true
[2024.03.14-07.13.50:539][388]LogSlate: InvalidateAllWidgets triggered.  All widgets were invalidated
[2024.03.14-07.13.50:540][388]MapCheck: New page: Map Check
[2024.03.14-07.13.50:540][388]LightingResults: New page: Lighting Build
[2024.03.14-07.13.50:544][388]LogAudio: Display: Audio Device unregistered from world 'None'.
[2024.03.14-07.13.50:547][388]LogUObjectHash: Compacting FUObjectHashTables data took   0.71ms
[2024.03.14-07.13.50:547][388]LogAudio: Display: Audio Device (ID: 1) registered with world 'NewMap'.
[2024.03.14-07.13.50:593][388]LogEditorServer: Finished looking for orphan Actors (0.000 secs)
[2024.03.14-07.13.50:593][388]LogAIModule: Creating AISystem for world NewMap
[2024.03.14-07.13.50:600][388]LogUObjectHash: Compacting FUObjectHashTables data took   0.53ms
[2024.03.14-07.13.50:603][388]Cmd: MAP CHECKDEP NOCLEARLOG
[2024.03.14-07.13.50:603][388]MapCheck: Map check complete: 0 Error(s), 0 Warning(s), took 0.05ms to complete.
[2024.03.14-07.13.50:603][388]LogFileHelpers: Loading map 'NewMap' took 0.093
[2024.03.14-07.13.52:293][489]LogTemp: Repeating last play command: Selected Viewport
[2024.03.14-07.13.52:298][489]LogPlayLevel: PlayLevel: No blueprints needed recompiling
[2024.03.14-07.13.52:298][489]PIE: New page: PIE session: NewMap (Mar 14, 2024, 11:13:52 PM)
[2024.03.14-07.13.52:300][489]LogOnline: OSS: Creating online subsystem instance for: NULL
[2024.03.14-07.13.52:301][489]LogOnline: OSS: TryLoadSubsystemAndSetDefault: Loaded subsystem for module [NULL]
[2024.03.14-07.13.52:301][489]LogPlayLevel: Creating play world package: /Game/Content/UEDPIE_0_NewMap
[2024.03.14-07.13.52:303][489]LogPlayLevel: PIE: StaticDuplicateObject took: (0.001973s)
[2024.03.14-07.13.52:304][489]LogAIModule: Creating AISystem for world NewMap
[2024.03.14-07.13.52:304][489]LogPlayLevel: PIE: World Init took: (0.000745s)
[2024.03.14-07.13.52:304][489]LogPlayLevel: PIE: Created PIE world by copying editor world from /Game/Content/NewMap.NewMap to /Game/Content/UEDPIE_0_NewMap.NewMap (0.002828s)
[2024.03.14-07.13.52:308][489]LogUObjectHash: Compacting FUObjectHashTables data took   0.58ms
[2024.03.14-07.13.52:308][489]LogAudio: Display: Creating Audio Device:                 Id: 2, Scope: Unique, Realtime: True
[2024.03.14-07.13.52:308][489]LogAudioMixer: Display: Audio Mixer Platform Settings:
[2024.03.14-07.13.52:309][489]LogAudioMixer: Display: 	Sample Rate:						  48000
[2024.03.14-07.13.52:309][489]LogAudioMixer: Display: 	Callback Buffer Frame Size Requested: 1024
[2024.03.14-07.13.52:309][489]LogAudioMixer: Display: 	Callback Buffer Frame Size To Use:	  1024
[2024.03.14-07.13.52:309][489]LogAudioMixer: Display: 	Number of buffers to queue:			  2
[2024.03.14-07.13.52:309][489]LogAudioMixer: Display: 	Max Channels (voices):				  32
[2024.03.14-07.13.52:309][489]LogAudioMixer: Display: 	Number of Async Source Workers:		  0
[2024.03.14-07.13.52:309][489]LogAudio: Display: AudioDevice MaxSources: 32
[2024.03.14-07.13.52:309][489]LogAudio: Display: Audio Spatialization Plugin: None (built-in).
[2024.03.14-07.13.52:309][489]LogAudio: Display: Audio Reverb Plugin: None (built-in).
[2024.03.14-07.13.52:309][489]LogAudio: Display: Audio Occlusion Plugin: None (built-in).
[2024.03.14-07.13.52:309][489]LogAudioMixer: Display: Initializing audio mixer.
[2024.03.14-07.13.52:315][489]LogAudioMixer: Display: 0: FrontLeft
[2024.03.14-07.13.52:315][489]LogAudioMixer: Display: 1: FrontRight
[2024.03.14-07.13.52:335][489]LogAudioMixer: Display: Using Audio Device 耳机 (Realtek(R) Audio)
[2024.03.14-07.13.52:335][489]LogAudioMixer: Display: Initializing Sound Submixes...
[2024.03.14-07.13.52:335][489]LogAudioMixer: Display: Creating Master Submix 'MasterSubmixDefault'
[2024.03.14-07.13.52:335][489]LogAudioMixer: Display: Creating Master Submix 'MasterReverbSubmixDefault'
[2024.03.14-07.13.52:335][489]LogAudioMixer: Display: Creating Master Submix 'MasterEQSubmixDefault'
[2024.03.14-07.13.52:335][489]LogAudioMixer: FMixerPlatformXAudio2::StartAudioStream() called
[2024.03.14-07.13.52:335][489]LogAudioMixer: Display: Output buffers initialized: Frames=1024, Channels=2, Samples=2048
[2024.03.14-07.13.52:336][489]LogAudioMixer: Display: Starting AudioMixerPlatformInterface::RunInternal()
[2024.03.14-07.13.52:336][489]LogAudioMixer: Display: FMixerPlatformXAudio2::SubmitBuffer() called for the first time
[2024.03.14-07.13.52:336][489]LogInit: FAudioDevice initialized.
[2024.03.14-07.13.52:336][489]LogAudio: Display: Audio Device (ID: 2) registered with world 'NewMap'.
[2024.03.14-07.13.52:343][489]LogLoad: Game class is 'GameModeBase'
[2024.03.14-07.13.52:345][489]LogWorld: Bringing World /Game/Content/UEDPIE_0_NewMap.NewMap up for play (max tick rate 0) at 2024.03.14-15.13.52
[2024.03.14-07.13.52:345][489]LogWorld: Bringing up level for play took: 0.000511
[2024.03.14-07.13.52:345][489]LogOnline: OSS: Creating online subsystem instance for: :Context_1
[2024.03.14-07.13.52:348][489]LogNativeClassHierarchy: Verbose: Native class hierarchy updated for 'MovieSceneCapture' in 0.0003 seconds. Added 20 classes and 0 folders.
[2024.03.14-07.13.52:349][489]PIE: Server logged in
[2024.03.14-07.13.52:350][489]PIE: Play in editor total start time 0.054 seconds.
